<?xml version="1.0" encoding="UTF-8"?>
<!-- Generated by org.testng.reporters.JUnitXMLReporter -->
<testsuite hostname="priyam" ignored="36" name="Test" tests="32" failures="10" timestamp="05 Jul 2021 03:34:40 GMT" time="1048.961" errors="0">
  <testcase name="signin" time="6.034" classname="com.redbus.tests.SigninTest"/>
  <testcase name="careers" time="10.72" classname="com.redbus.tests.CareersTest">
    <failure type="java.lang.AssertionError" message="expected [Book Bus Travels, AC Volvo Bus, rPool &amp;amp; Bus Hire - redBus India] but found []">
      <![CDATA[java.lang.AssertionError: expected [Book Bus Travels, AC Volvo Bus, rPool & Bus Hire - redBus India] but found []
at com.redbus.tests.CareersTest.careers(CareersTest.java:34)
... Removed 31 stack frames]]>
    </failure>
  </testcase> <!-- careers -->
  <testcase name="TicketCancel" time="6.219" classname="com.redbus.tests.MangaingBookingCancelTicketTest"/>
  <testcase name="TravelDate" time="6.812" classname="com.redbus.tests.ManageBookingChangeTravelDateTest"/>
  <testcase name="operatorRegistration" time="1.308" classname="com.redbus.tests.NavigateBusOperatorRegistrationTest">
    <failure type="java.lang.IndexOutOfBoundsException" message="Index: 1, Size: 1">
      <![CDATA[java.lang.IndexOutOfBoundsException: Index: 1, Size: 1
at java.util.ArrayList.rangeCheck(ArrayList.java:657)
at java.util.ArrayList.get(ArrayList.java:433)
at com.redbus.pages.InfoSectionPage.navitooperatorregistration(InfoSectionPage.java:84)
at com.redbus.tests.NavigateBusOperatorRegistrationTest.operatorRegistration(NavigateBusOperatorRegistrationTest.java:29)
... Removed 25 stack frames]]>
    </failure>
  </testcase> <!-- operatorRegistration -->
  <testcase name="offers" time="0.732" classname="com.redbus.tests.CheckOffersTest">
    <failure type="java.lang.IndexOutOfBoundsException" message="Index: 1, Size: 1">
      <![CDATA[java.lang.IndexOutOfBoundsException: Index: 1, Size: 1
at java.util.ArrayList.rangeCheck(ArrayList.java:657)
at java.util.ArrayList.get(ArrayList.java:433)
at com.redbus.pages.HomeFunctionalityPage.clickOfferButton(HomeFunctionalityPage.java:53)
at com.redbus.tests.CheckOffersTest.offers(CheckOffersTest.java:29)
... Removed 25 stack frames]]>
    </failure>
  </testcase> <!-- offers -->
  <testcase name="Help" time="13.48" classname="com.redbus.tests.CustomerHelpsectionTest"/>
  <testcase name="all_bus_operators" time="0.211" classname="com.redbus.tests.BusAllOperatorsTest">
    <failure type="java.lang.IndexOutOfBoundsException" message="Index: 1, Size: 1">
      <![CDATA[java.lang.IndexOutOfBoundsException: Index: 1, Size: 1
at java.util.ArrayList.rangeCheck(ArrayList.java:657)
at java.util.ArrayList.get(ArrayList.java:433)
at com.redbus.pages.HomeFunctionalityPage.all_operators(HomeFunctionalityPage.java:117)
at com.redbus.tests.BusAllOperatorsTest.all_bus_operators(BusAllOperatorsTest.java:30)
... Removed 25 stack frames]]>
    </failure>
  </testcase> <!-- all_bus_operators -->
  <testcase name="agentRegistration" time="10.188" classname="com.redbus.tests.InfoSectionTest">
    <failure type="java.lang.AssertionError" message="expected [] but found [Seat Seller]">
      <![CDATA[java.lang.AssertionError: expected [] but found [Seat Seller]
at com.redbus.tests.InfoSectionTest.agentRegistration(InfoSectionTest.java:157)
... Removed 31 stack frames]]>
    </failure>
  </testcase> <!-- agentRegistration -->
  <testcase name="blogSection" time="0.292" classname="com.redbus.tests.InfoSectionTest">
    <failure type="java.lang.IndexOutOfBoundsException" message="Index: 1, Size: 1">
      <![CDATA[java.lang.IndexOutOfBoundsException: Index: 1, Size: 1
at java.util.ArrayList.rangeCheck(ArrayList.java:657)
at java.util.ArrayList.get(ArrayList.java:433)
at com.redbus.pages.InfoSectionPage.navitoblog(InfoSectionPage.java:77)
at com.redbus.tests.InfoSectionTest.blogSection(InfoSectionTest.java:90)
... Removed 25 stack frames]]>
    </failure>
  </testcase> <!-- blogSection -->
  <testcase name="faqsection" time="0.776" classname="com.redbus.tests.InfoSectionTest">
    <failure type="java.lang.IndexOutOfBoundsException" message="Index: 1, Size: 1">
      <![CDATA[java.lang.IndexOutOfBoundsException: Index: 1, Size: 1
at java.util.ArrayList.rangeCheck(ArrayList.java:657)
at java.util.ArrayList.get(ArrayList.java:433)
at com.redbus.pages.InfoSectionPage.navitofaq(InfoSectionPage.java:70)
at com.redbus.tests.InfoSectionTest.faqsection(InfoSectionTest.java:68)
... Removed 25 stack frames]]>
    </failure>
  </testcase> <!-- faqsection -->
  <testcase name="insuranceSection" time="12.552" classname="com.redbus.tests.InfoSectionTest"/>
  <testcase name="privacyPolicysection" time="0.381" classname="com.redbus.tests.InfoSectionTest">
    <failure type="java.lang.IndexOutOfBoundsException" message="Index: 1, Size: 1">
      <![CDATA[java.lang.IndexOutOfBoundsException: Index: 1, Size: 1
at java.util.ArrayList.rangeCheck(ArrayList.java:657)
at java.util.ArrayList.get(ArrayList.java:433)
at com.redbus.pages.InfoSectionPage.navitoprivacypolicy(InfoSectionPage.java:63)
at com.redbus.tests.InfoSectionTest.privacyPolicysection(InfoSectionTest.java:47)
... Removed 25 stack frames]]>
    </failure>
  </testcase> <!-- privacyPolicysection -->
  <testcase name="termAndCondition" time="0.229" classname="com.redbus.tests.InfoSectionTest">
    <failure type="java.lang.IndexOutOfBoundsException" message="Index: 1, Size: 1">
      <![CDATA[java.lang.IndexOutOfBoundsException: Index: 1, Size: 1
at java.util.ArrayList.rangeCheck(ArrayList.java:657)
at java.util.ArrayList.get(ArrayList.java:433)
at com.redbus.pages.InfoSectionPage.naviToTC(InfoSectionPage.java:56)
at com.redbus.tests.InfoSectionTest.termAndCondition(InfoSectionTest.java:27)
... Removed 25 stack frames]]>
    </failure>
  </testcase> <!-- termAndCondition -->
  <testcase name="userAgreementSection" time="12.554" classname="com.redbus.tests.InfoSectionTest"/>
  <testcase name="BusHiringLocal" time="46.483" classname="com.redbus.tests.LocalBusHiringTest"/>
  <testcase name="invalidDestinationSearchBus" time="7.33" classname="com.redbus.tests.SearchBusTest"/>
  <testcase name="invalidSourceSearchBus" time="7.724" classname="com.redbus.tests.SearchBusTest"/>
  <testcase name="modifySearchLocation" time="13.813" classname="com.redbus.tests.ModifySearchBusLocationTest"/>
  <testcase name="BusHiringOutstation" time="69.967" classname="com.redbus.tests.OutstaionBusHiringTest"/>
  <testcase name="ShowTicket" time="6.451" classname="com.redbus.tests.ManageBookingShowMyTicketTest"/>
  <testcase name="rPoolfunctionality" time="11.684" classname="com.redbus.tests.rPoolSectionTest"/>
  <testcase name="partnerWebsitesgoibibosite" time="19.308" classname="com.redbus.tests.RedbusPartnerwebsitesTest"/>
  <testcase name="partnerWebsitesmakemytrip" time="10.967" classname="com.redbus.tests.RedbusPartnerwebsitesTest"/>
  <testcase name="open_Malaysia_Booking" time="10.473" classname="com.redbus.tests.RedbusGloballyBookingSitesTest"/>
  <testcase name="open_colombia_Booking" time="16.664" classname="com.redbus.tests.RedbusGloballyBookingSitesTest"/>
  <testcase name="open_indonesia_Booking" time="18.967" classname="com.redbus.tests.RedbusGloballyBookingSitesTest"/>
  <testcase name="open_peru_Booking" time="10.607" classname="com.redbus.tests.RedbusGloballyBookingSitesTest">
    <failure type="java.lang.AssertionError" message="expected [] but found [redBus | La forma más fácil de comprar pasajes de bus]">
      <![CDATA[java.lang.AssertionError: expected [] but found [redBus | La forma más fácil de comprar pasajes de bus]
at com.redbus.tests.RedbusGloballyBookingSitesTest.open_peru_Booking(RedbusGloballyBookingSitesTest.java:93)
... Removed 31 stack frames]]>
    </failure>
  </testcase> <!-- open_peru_Booking -->
  <testcase name="open_singapore_Booking" time="14.284" classname="com.redbus.tests.RedbusGloballyBookingSitesTest"/>
  <testcase name="BusHiringAirport" time="42.048" classname="com.redbus.tests.AirportBusHiringTest"/>
  <testcase name="ContactRedBus" time="16.789" classname="com.redbus.tests.ContactUsTest"/>
  <testcase name="ValidsearchBus" time="12.371" classname="com.redbus.tests.SearchBusTest"/>
  <testcase name="@BeforeSuite setExtent" time="0.0" classname="com.redbus.tests.BaseTest">
    <ignored/>
  </testcase> <!-- @BeforeSuite setExtent -->
  <testcase name="@BeforeSuite setExtent" time="0.0" classname="com.redbus.tests.BaseTest">
    <ignored/>
  </testcase> <!-- @BeforeSuite setExtent -->
  <testcase name="@BeforeSuite setExtent" time="0.0" classname="com.redbus.tests.BaseTest">
    <ignored/>
  </testcase> <!-- @BeforeSuite setExtent -->
  <testcase name="@BeforeSuite setExtent" time="0.0" classname="com.redbus.tests.BaseTest">
    <ignored/>
  </testcase> <!-- @BeforeSuite setExtent -->
  <testcase name="@BeforeSuite setExtent" time="0.0" classname="com.redbus.tests.BaseTest">
    <ignored/>
  </testcase> <!-- @BeforeSuite setExtent -->
  <testcase name="@BeforeSuite setExtent" time="0.0" classname="com.redbus.tests.BaseTest">
    <ignored/>
  </testcase> <!-- @BeforeSuite setExtent -->
  <testcase name="@BeforeSuite setExtent" time="0.0" classname="com.redbus.tests.BaseTest">
    <ignored/>
  </testcase> <!-- @BeforeSuite setExtent -->
  <testcase name="@BeforeSuite setExtent" time="0.0" classname="com.redbus.tests.BaseTest">
    <ignored/>
  </testcase> <!-- @BeforeSuite setExtent -->
  <testcase name="@BeforeSuite setExtent" time="0.0" classname="com.redbus.tests.BaseTest">
    <ignored/>
  </testcase> <!-- @BeforeSuite setExtent -->
  <testcase name="@BeforeSuite setExtent" time="0.0" classname="com.redbus.tests.BaseTest">
    <ignored/>
  </testcase> <!-- @BeforeSuite setExtent -->
  <testcase name="@BeforeSuite setExtent" time="0.0" classname="com.redbus.tests.BaseTest">
    <ignored/>
  </testcase> <!-- @BeforeSuite setExtent -->
  <testcase name="@BeforeSuite setExtent" time="0.0" classname="com.redbus.tests.BaseTest">
    <ignored/>
  </testcase> <!-- @BeforeSuite setExtent -->
  <testcase name="@BeforeSuite setExtent" time="0.0" classname="com.redbus.tests.BaseTest">
    <ignored/>
  </testcase> <!-- @BeforeSuite setExtent -->
  <testcase name="@BeforeSuite setExtent" time="0.0" classname="com.redbus.tests.BaseTest">
    <ignored/>
  </testcase> <!-- @BeforeSuite setExtent -->
  <testcase name="@BeforeSuite setExtent" time="0.0" classname="com.redbus.tests.BaseTest">
    <ignored/>
  </testcase> <!-- @BeforeSuite setExtent -->
  <testcase name="@BeforeSuite setExtent" time="0.0" classname="com.redbus.tests.BaseTest">
    <ignored/>
  </testcase> <!-- @BeforeSuite setExtent -->
  <testcase name="@BeforeSuite setExtent" time="0.0" classname="com.redbus.tests.BaseTest">
    <ignored/>
  </testcase> <!-- @BeforeSuite setExtent -->
  <testcase name="@BeforeSuite setExtent" time="0.0" classname="com.redbus.tests.BaseTest">
    <ignored/>
  </testcase> <!-- @BeforeSuite setExtent -->
  <testcase name="@AfterSuite endReport" time="0.0" classname="com.redbus.tests.BaseTest">
    <ignored/>
  </testcase> <!-- @AfterSuite endReport -->
  <testcase name="@AfterSuite endReport" time="0.0" classname="com.redbus.tests.BaseTest">
    <ignored/>
  </testcase> <!-- @AfterSuite endReport -->
  <testcase name="@AfterSuite endReport" time="0.0" classname="com.redbus.tests.BaseTest">
    <ignored/>
  </testcase> <!-- @AfterSuite endReport -->
  <testcase name="@AfterSuite endReport" time="0.0" classname="com.redbus.tests.BaseTest">
    <ignored/>
  </testcase> <!-- @AfterSuite endReport -->
  <testcase name="@AfterSuite endReport" time="0.0" classname="com.redbus.tests.BaseTest">
    <ignored/>
  </testcase> <!-- @AfterSuite endReport -->
  <testcase name="@AfterSuite endReport" time="0.0" classname="com.redbus.tests.BaseTest">
    <ignored/>
  </testcase> <!-- @AfterSuite endReport -->
  <testcase name="@AfterSuite endReport" time="0.0" classname="com.redbus.tests.BaseTest">
    <ignored/>
  </testcase> <!-- @AfterSuite endReport -->
  <testcase name="@AfterSuite endReport" time="0.0" classname="com.redbus.tests.BaseTest">
    <ignored/>
  </testcase> <!-- @AfterSuite endReport -->
  <testcase name="@AfterSuite endReport" time="0.0" classname="com.redbus.tests.BaseTest">
    <ignored/>
  </testcase> <!-- @AfterSuite endReport -->
  <testcase name="@AfterSuite endReport" time="0.0" classname="com.redbus.tests.BaseTest">
    <ignored/>
  </testcase> <!-- @AfterSuite endReport -->
  <testcase name="@AfterSuite endReport" time="0.0" classname="com.redbus.tests.BaseTest">
    <ignored/>
  </testcase> <!-- @AfterSuite endReport -->
  <testcase name="@AfterSuite endReport" time="0.0" classname="com.redbus.tests.BaseTest">
    <ignored/>
  </testcase> <!-- @AfterSuite endReport -->
  <testcase name="@AfterSuite endReport" time="0.0" classname="com.redbus.tests.BaseTest">
    <ignored/>
  </testcase> <!-- @AfterSuite endReport -->
  <testcase name="@AfterSuite endReport" time="0.0" classname="com.redbus.tests.BaseTest">
    <ignored/>
  </testcase> <!-- @AfterSuite endReport -->
  <testcase name="@AfterSuite endReport" time="0.0" classname="com.redbus.tests.BaseTest">
    <ignored/>
  </testcase> <!-- @AfterSuite endReport -->
  <testcase name="@AfterSuite endReport" time="0.0" classname="com.redbus.tests.BaseTest">
    <ignored/>
  </testcase> <!-- @AfterSuite endReport -->
  <testcase name="@AfterSuite endReport" time="0.0" classname="com.redbus.tests.BaseTest">
    <ignored/>
  </testcase> <!-- @AfterSuite endReport -->
  <testcase name="@AfterSuite endReport" time="0.0" classname="com.redbus.tests.BaseTest">
    <ignored/>
  </testcase> <!-- @AfterSuite endReport -->
</testsuite> <!-- Test -->
