<html>
<head>
<title>TestNG:  Test</title>
<link href="../testng.css" rel="stylesheet" type="text/css" />
<link href="../my-testng.css" rel="stylesheet" type="text/css" />

<style type="text/css">
.log { display: none;} 
.stack-trace { display: none;} 
</style>
<script type="text/javascript">
<!--
function flip(e) {
  current = e.style.display;
  if (current == 'block') {
    e.style.display = 'none';
    return 0;
  }
  else {
    e.style.display = 'block';
    return 1;
  }
}

function toggleBox(szDivId, elem, msg1, msg2)
{
  var res = -1;  if (document.getElementById) {
    res = flip(document.getElementById(szDivId));
  }
  else if (document.all) {
    // this is the way old msie versions work
    res = flip(document.all[szDivId]);
  }
  if(elem) {
    if(res == 0) elem.innerHTML = msg1; else elem.innerHTML = msg2;
  }

}

function toggleAllBoxes() {
  if (document.getElementsByTagName) {
    d = document.getElementsByTagName('div');
    for (i = 0; i < d.length; i++) {
      if (d[i].className == 'log') {
        flip(d[i]);
      }
    }
  }
}

// -->
</script>

</head>
<body>
<h2 align='center'>Test</h2><table border='1' align="center">
<tr>
<td>Tests passed/Failed/Skipped:</td><td>22/10/0</td>
</tr><tr>
<td>Started on:</td><td>Mon Jul 05 08:47:11 IST 2021</td>
</tr>
<tr><td>Total time:</td><td>1048 seconds (1048961 ms)</td>
</tr><tr>
<td>Included groups:</td><td></td>
</tr><tr>
<td>Excluded groups:</td><td></td>
</tr>
</table><p/>
<small><i>(Hover the method name to see the test class name)</i></small><p/>
<table width='100%' border='1' class='invocation-failed'>
<tr><td colspan='4' align='center'><b>FAILED TESTS</b></td></tr>
<tr><td><b>Test method</b></td>
<td width="30%"><b>Exception</b></td>
<td width="10%"><b>Time (seconds)</b></td>
<td><b>Instance</b></td>
</tr>
<tr>
<td title='com.redbus.tests.InfoSectionTest.agentRegistration()'><b>agentRegistration</b><br>Test class: com.redbus.tests.InfoSectionTest</td>
<td><div><pre>java.lang.AssertionError: expected [] but found [Seat Seller]
	at com.redbus.tests.InfoSectionTest.agentRegistration(InfoSectionTest.java:157)
... Removed 31 stack frames</pre></div><a href='#' onClick='toggleBox("stack-trace1654589039", this, "Click to show all stack frames", "Click to hide stack frames")'>Click to show all stack frames</a>
<div class='stack-trace' id='stack-trace1654589039'><pre>java.lang.AssertionError: expected [] but found [Seat Seller]
	at org.testng.Assert.fail(Assert.java:96)
	at org.testng.Assert.failNotEquals(Assert.java:776)
	at org.testng.Assert.assertEqualsImpl(Assert.java:137)
	at org.testng.Assert.assertEquals(Assert.java:118)
	at org.testng.Assert.assertEquals(Assert.java:453)
	at org.testng.Assert.assertEquals(Assert.java:463)
	at com.redbus.tests.InfoSectionTest.agentRegistration(InfoSectionTest.java:157)
	at sun.reflect.NativeMethodAccessorImpl.invoke0(Native Method)
	at sun.reflect.NativeMethodAccessorImpl.invoke(NativeMethodAccessorImpl.java:62)
	at sun.reflect.DelegatingMethodAccessorImpl.invoke(DelegatingMethodAccessorImpl.java:43)
	at java.lang.reflect.Method.invoke(Method.java:498)
	at org.testng.internal.MethodInvocationHelper.invokeMethod(MethodInvocationHelper.java:124)
	at org.testng.internal.Invoker.invokeMethod(Invoker.java:583)
	at org.testng.internal.Invoker.invokeTestMethod(Invoker.java:719)
	at org.testng.internal.Invoker.invokeTestMethods(Invoker.java:989)
	at org.testng.internal.TestMethodWorker.invokeTestMethods(TestMethodWorker.java:125)
	at org.testng.internal.TestMethodWorker.run(TestMethodWorker.java:109)
	at org.testng.TestRunner.privateRun(TestRunner.java:648)
	at org.testng.TestRunner.run(TestRunner.java:505)
	at org.testng.SuiteRunner.runTest(SuiteRunner.java:455)
	at org.testng.SuiteRunner.runSequentially(SuiteRunner.java:450)
	at org.testng.SuiteRunner.privateRun(SuiteRunner.java:415)
	at org.testng.SuiteRunner.run(SuiteRunner.java:364)
	at org.testng.SuiteRunnerWorker.runSuite(SuiteRunnerWorker.java:52)
	at org.testng.SuiteRunnerWorker.run(SuiteRunnerWorker.java:84)
	at org.testng.TestNG.runSuitesSequentially(TestNG.java:1208)
	at org.testng.TestNG.runSuitesLocally(TestNG.java:1137)
	at org.testng.TestNG.runSuites(TestNG.java:1049)
	at org.testng.TestNG.run(TestNG.java:1017)
	at org.testng.remote.AbstractRemoteTestNG.run(AbstractRemoteTestNG.java:115)
	at org.testng.remote.RemoteTestNG.initAndRun(RemoteTestNG.java:251)
	at org.testng.remote.RemoteTestNG.main(RemoteTestNG.java:77)
</pre></div></td>
<td>10</td>
<td>com.redbus.tests.InfoSectionTest@175b9425</td></tr>
<tr>
<td title='com.redbus.tests.BusAllOperatorsTest.all_bus_operators()'><b>all_bus_operators</b><br>Test class: com.redbus.tests.BusAllOperatorsTest</td>
<td><div><pre>java.lang.IndexOutOfBoundsException: Index: 1, Size: 1
	at java.util.ArrayList.rangeCheck(ArrayList.java:657)
	at java.util.ArrayList.get(ArrayList.java:433)
	at com.redbus.pages.HomeFunctionalityPage.all_operators(HomeFunctionalityPage.java:117)
	at com.redbus.tests.BusAllOperatorsTest.all_bus_operators(BusAllOperatorsTest.java:30)
... Removed 25 stack frames</pre></div><a href='#' onClick='toggleBox("stack-trace1456265041", this, "Click to show all stack frames", "Click to hide stack frames")'>Click to show all stack frames</a>
<div class='stack-trace' id='stack-trace1456265041'><pre>java.lang.IndexOutOfBoundsException: Index: 1, Size: 1
	at java.util.ArrayList.rangeCheck(ArrayList.java:657)
	at java.util.ArrayList.get(ArrayList.java:433)
	at com.redbus.pages.HomeFunctionalityPage.all_operators(HomeFunctionalityPage.java:117)
	at com.redbus.tests.BusAllOperatorsTest.all_bus_operators(BusAllOperatorsTest.java:30)
	at sun.reflect.NativeMethodAccessorImpl.invoke0(Native Method)
	at sun.reflect.NativeMethodAccessorImpl.invoke(NativeMethodAccessorImpl.java:62)
	at sun.reflect.DelegatingMethodAccessorImpl.invoke(DelegatingMethodAccessorImpl.java:43)
	at java.lang.reflect.Method.invoke(Method.java:498)
	at org.testng.internal.MethodInvocationHelper.invokeMethod(MethodInvocationHelper.java:124)
	at org.testng.internal.Invoker.invokeMethod(Invoker.java:583)
	at org.testng.internal.Invoker.invokeTestMethod(Invoker.java:719)
	at org.testng.internal.Invoker.invokeTestMethods(Invoker.java:989)
	at org.testng.internal.TestMethodWorker.invokeTestMethods(TestMethodWorker.java:125)
	at org.testng.internal.TestMethodWorker.run(TestMethodWorker.java:109)
	at org.testng.TestRunner.privateRun(TestRunner.java:648)
	at org.testng.TestRunner.run(TestRunner.java:505)
	at org.testng.SuiteRunner.runTest(SuiteRunner.java:455)
	at org.testng.SuiteRunner.runSequentially(SuiteRunner.java:450)
	at org.testng.SuiteRunner.privateRun(SuiteRunner.java:415)
	at org.testng.SuiteRunner.run(SuiteRunner.java:364)
	at org.testng.SuiteRunnerWorker.runSuite(SuiteRunnerWorker.java:52)
	at org.testng.SuiteRunnerWorker.run(SuiteRunnerWorker.java:84)
	at org.testng.TestNG.runSuitesSequentially(TestNG.java:1208)
	at org.testng.TestNG.runSuitesLocally(TestNG.java:1137)
	at org.testng.TestNG.runSuites(TestNG.java:1049)
	at org.testng.TestNG.run(TestNG.java:1017)
	at org.testng.remote.AbstractRemoteTestNG.run(AbstractRemoteTestNG.java:115)
	at org.testng.remote.RemoteTestNG.initAndRun(RemoteTestNG.java:251)
	at org.testng.remote.RemoteTestNG.main(RemoteTestNG.java:77)
</pre></div></td>
<td>0</td>
<td>com.redbus.tests.BusAllOperatorsTest@a1cdc6d</td></tr>
<tr>
<td title='com.redbus.tests.InfoSectionTest.blogSection()'><b>blogSection</b><br>Test class: com.redbus.tests.InfoSectionTest</td>
<td><div><pre>java.lang.IndexOutOfBoundsException: Index: 1, Size: 1
	at java.util.ArrayList.rangeCheck(ArrayList.java:657)
	at java.util.ArrayList.get(ArrayList.java:433)
	at com.redbus.pages.InfoSectionPage.navitoblog(InfoSectionPage.java:77)
	at com.redbus.tests.InfoSectionTest.blogSection(InfoSectionTest.java:90)
... Removed 25 stack frames</pre></div><a href='#' onClick='toggleBox("stack-trace161118423", this, "Click to show all stack frames", "Click to hide stack frames")'>Click to show all stack frames</a>
<div class='stack-trace' id='stack-trace161118423'><pre>java.lang.IndexOutOfBoundsException: Index: 1, Size: 1
	at java.util.ArrayList.rangeCheck(ArrayList.java:657)
	at java.util.ArrayList.get(ArrayList.java:433)
	at com.redbus.pages.InfoSectionPage.navitoblog(InfoSectionPage.java:77)
	at com.redbus.tests.InfoSectionTest.blogSection(InfoSectionTest.java:90)
	at sun.reflect.NativeMethodAccessorImpl.invoke0(Native Method)
	at sun.reflect.NativeMethodAccessorImpl.invoke(NativeMethodAccessorImpl.java:62)
	at sun.reflect.DelegatingMethodAccessorImpl.invoke(DelegatingMethodAccessorImpl.java:43)
	at java.lang.reflect.Method.invoke(Method.java:498)
	at org.testng.internal.MethodInvocationHelper.invokeMethod(MethodInvocationHelper.java:124)
	at org.testng.internal.Invoker.invokeMethod(Invoker.java:583)
	at org.testng.internal.Invoker.invokeTestMethod(Invoker.java:719)
	at org.testng.internal.Invoker.invokeTestMethods(Invoker.java:989)
	at org.testng.internal.TestMethodWorker.invokeTestMethods(TestMethodWorker.java:125)
	at org.testng.internal.TestMethodWorker.run(TestMethodWorker.java:109)
	at org.testng.TestRunner.privateRun(TestRunner.java:648)
	at org.testng.TestRunner.run(TestRunner.java:505)
	at org.testng.SuiteRunner.runTest(SuiteRunner.java:455)
	at org.testng.SuiteRunner.runSequentially(SuiteRunner.java:450)
	at org.testng.SuiteRunner.privateRun(SuiteRunner.java:415)
	at org.testng.SuiteRunner.run(SuiteRunner.java:364)
	at org.testng.SuiteRunnerWorker.runSuite(SuiteRunnerWorker.java:52)
	at org.testng.SuiteRunnerWorker.run(SuiteRunnerWorker.java:84)
	at org.testng.TestNG.runSuitesSequentially(TestNG.java:1208)
	at org.testng.TestNG.runSuitesLocally(TestNG.java:1137)
	at org.testng.TestNG.runSuites(TestNG.java:1049)
	at org.testng.TestNG.run(TestNG.java:1017)
	at org.testng.remote.AbstractRemoteTestNG.run(AbstractRemoteTestNG.java:115)
	at org.testng.remote.RemoteTestNG.initAndRun(RemoteTestNG.java:251)
	at org.testng.remote.RemoteTestNG.main(RemoteTestNG.java:77)
</pre></div></td>
<td>0</td>
<td>com.redbus.tests.InfoSectionTest@175b9425</td></tr>
<tr>
<td title='com.redbus.tests.CareersTest.careers()'><b>careers</b><br>Test class: com.redbus.tests.CareersTest</td>
<td><div><pre>java.lang.AssertionError: expected [Book Bus Travels, AC Volvo Bus, rPool &amp; Bus Hire - redBus India] but found []
	at com.redbus.tests.CareersTest.careers(CareersTest.java:34)
... Removed 31 stack frames</pre></div><a href='#' onClick='toggleBox("stack-trace1780293706", this, "Click to show all stack frames", "Click to hide stack frames")'>Click to show all stack frames</a>
<div class='stack-trace' id='stack-trace1780293706'><pre>java.lang.AssertionError: expected [Book Bus Travels, AC Volvo Bus, rPool &amp; Bus Hire - redBus India] but found []
	at org.testng.Assert.fail(Assert.java:96)
	at org.testng.Assert.failNotEquals(Assert.java:776)
	at org.testng.Assert.assertEqualsImpl(Assert.java:137)
	at org.testng.Assert.assertEquals(Assert.java:118)
	at org.testng.Assert.assertEquals(Assert.java:453)
	at org.testng.Assert.assertEquals(Assert.java:463)
	at com.redbus.tests.CareersTest.careers(CareersTest.java:34)
	at sun.reflect.NativeMethodAccessorImpl.invoke0(Native Method)
	at sun.reflect.NativeMethodAccessorImpl.invoke(NativeMethodAccessorImpl.java:62)
	at sun.reflect.DelegatingMethodAccessorImpl.invoke(DelegatingMethodAccessorImpl.java:43)
	at java.lang.reflect.Method.invoke(Method.java:498)
	at org.testng.internal.MethodInvocationHelper.invokeMethod(MethodInvocationHelper.java:124)
	at org.testng.internal.Invoker.invokeMethod(Invoker.java:583)
	at org.testng.internal.Invoker.invokeTestMethod(Invoker.java:719)
	at org.testng.internal.Invoker.invokeTestMethods(Invoker.java:989)
	at org.testng.internal.TestMethodWorker.invokeTestMethods(TestMethodWorker.java:125)
	at org.testng.internal.TestMethodWorker.run(TestMethodWorker.java:109)
	at org.testng.TestRunner.privateRun(TestRunner.java:648)
	at org.testng.TestRunner.run(TestRunner.java:505)
	at org.testng.SuiteRunner.runTest(SuiteRunner.java:455)
	at org.testng.SuiteRunner.runSequentially(SuiteRunner.java:450)
	at org.testng.SuiteRunner.privateRun(SuiteRunner.java:415)
	at org.testng.SuiteRunner.run(SuiteRunner.java:364)
	at org.testng.SuiteRunnerWorker.runSuite(SuiteRunnerWorker.java:52)
	at org.testng.SuiteRunnerWorker.run(SuiteRunnerWorker.java:84)
	at org.testng.TestNG.runSuitesSequentially(TestNG.java:1208)
	at org.testng.TestNG.runSuitesLocally(TestNG.java:1137)
	at org.testng.TestNG.runSuites(TestNG.java:1049)
	at org.testng.TestNG.run(TestNG.java:1017)
	at org.testng.remote.AbstractRemoteTestNG.run(AbstractRemoteTestNG.java:115)
	at org.testng.remote.RemoteTestNG.initAndRun(RemoteTestNG.java:251)
	at org.testng.remote.RemoteTestNG.main(RemoteTestNG.java:77)
</pre></div></td>
<td>10</td>
<td>com.redbus.tests.CareersTest@6a2b953e</td></tr>
<tr>
<td title='com.redbus.tests.InfoSectionTest.faqsection()'><b>faqsection</b><br>Test class: com.redbus.tests.InfoSectionTest</td>
<td><div><pre>java.lang.IndexOutOfBoundsException: Index: 1, Size: 1
	at java.util.ArrayList.rangeCheck(ArrayList.java:657)
	at java.util.ArrayList.get(ArrayList.java:433)
	at com.redbus.pages.InfoSectionPage.navitofaq(InfoSectionPage.java:70)
	at com.redbus.tests.InfoSectionTest.faqsection(InfoSectionTest.java:68)
... Removed 25 stack frames</pre></div><a href='#' onClick='toggleBox("stack-trace2003961164", this, "Click to show all stack frames", "Click to hide stack frames")'>Click to show all stack frames</a>
<div class='stack-trace' id='stack-trace2003961164'><pre>java.lang.IndexOutOfBoundsException: Index: 1, Size: 1
	at java.util.ArrayList.rangeCheck(ArrayList.java:657)
	at java.util.ArrayList.get(ArrayList.java:433)
	at com.redbus.pages.InfoSectionPage.navitofaq(InfoSectionPage.java:70)
	at com.redbus.tests.InfoSectionTest.faqsection(InfoSectionTest.java:68)
	at sun.reflect.NativeMethodAccessorImpl.invoke0(Native Method)
	at sun.reflect.NativeMethodAccessorImpl.invoke(NativeMethodAccessorImpl.java:62)
	at sun.reflect.DelegatingMethodAccessorImpl.invoke(DelegatingMethodAccessorImpl.java:43)
	at java.lang.reflect.Method.invoke(Method.java:498)
	at org.testng.internal.MethodInvocationHelper.invokeMethod(MethodInvocationHelper.java:124)
	at org.testng.internal.Invoker.invokeMethod(Invoker.java:583)
	at org.testng.internal.Invoker.invokeTestMethod(Invoker.java:719)
	at org.testng.internal.Invoker.invokeTestMethods(Invoker.java:989)
	at org.testng.internal.TestMethodWorker.invokeTestMethods(TestMethodWorker.java:125)
	at org.testng.internal.TestMethodWorker.run(TestMethodWorker.java:109)
	at org.testng.TestRunner.privateRun(TestRunner.java:648)
	at org.testng.TestRunner.run(TestRunner.java:505)
	at org.testng.SuiteRunner.runTest(SuiteRunner.java:455)
	at org.testng.SuiteRunner.runSequentially(SuiteRunner.java:450)
	at org.testng.SuiteRunner.privateRun(SuiteRunner.java:415)
	at org.testng.SuiteRunner.run(SuiteRunner.java:364)
	at org.testng.SuiteRunnerWorker.runSuite(SuiteRunnerWorker.java:52)
	at org.testng.SuiteRunnerWorker.run(SuiteRunnerWorker.java:84)
	at org.testng.TestNG.runSuitesSequentially(TestNG.java:1208)
	at org.testng.TestNG.runSuitesLocally(TestNG.java:1137)
	at org.testng.TestNG.runSuites(TestNG.java:1049)
	at org.testng.TestNG.run(TestNG.java:1017)
	at org.testng.remote.AbstractRemoteTestNG.run(AbstractRemoteTestNG.java:115)
	at org.testng.remote.RemoteTestNG.initAndRun(RemoteTestNG.java:251)
	at org.testng.remote.RemoteTestNG.main(RemoteTestNG.java:77)
</pre></div></td>
<td>0</td>
<td>com.redbus.tests.InfoSectionTest@175b9425</td></tr>
<tr>
<td title='com.redbus.tests.CheckOffersTest.offers()'><b>offers</b><br>Test class: com.redbus.tests.CheckOffersTest</td>
<td><div><pre>java.lang.IndexOutOfBoundsException: Index: 1, Size: 1
	at java.util.ArrayList.rangeCheck(ArrayList.java:657)
	at java.util.ArrayList.get(ArrayList.java:433)
	at com.redbus.pages.HomeFunctionalityPage.clickOfferButton(HomeFunctionalityPage.java:53)
	at com.redbus.tests.CheckOffersTest.offers(CheckOffersTest.java:29)
... Removed 25 stack frames</pre></div><a href='#' onClick='toggleBox("stack-trace1688770224", this, "Click to show all stack frames", "Click to hide stack frames")'>Click to show all stack frames</a>
<div class='stack-trace' id='stack-trace1688770224'><pre>java.lang.IndexOutOfBoundsException: Index: 1, Size: 1
	at java.util.ArrayList.rangeCheck(ArrayList.java:657)
	at java.util.ArrayList.get(ArrayList.java:433)
	at com.redbus.pages.HomeFunctionalityPage.clickOfferButton(HomeFunctionalityPage.java:53)
	at com.redbus.tests.CheckOffersTest.offers(CheckOffersTest.java:29)
	at sun.reflect.NativeMethodAccessorImpl.invoke0(Native Method)
	at sun.reflect.NativeMethodAccessorImpl.invoke(NativeMethodAccessorImpl.java:62)
	at sun.reflect.DelegatingMethodAccessorImpl.invoke(DelegatingMethodAccessorImpl.java:43)
	at java.lang.reflect.Method.invoke(Method.java:498)
	at org.testng.internal.MethodInvocationHelper.invokeMethod(MethodInvocationHelper.java:124)
	at org.testng.internal.Invoker.invokeMethod(Invoker.java:583)
	at org.testng.internal.Invoker.invokeTestMethod(Invoker.java:719)
	at org.testng.internal.Invoker.invokeTestMethods(Invoker.java:989)
	at org.testng.internal.TestMethodWorker.invokeTestMethods(TestMethodWorker.java:125)
	at org.testng.internal.TestMethodWorker.run(TestMethodWorker.java:109)
	at org.testng.TestRunner.privateRun(TestRunner.java:648)
	at org.testng.TestRunner.run(TestRunner.java:505)
	at org.testng.SuiteRunner.runTest(SuiteRunner.java:455)
	at org.testng.SuiteRunner.runSequentially(SuiteRunner.java:450)
	at org.testng.SuiteRunner.privateRun(SuiteRunner.java:415)
	at org.testng.SuiteRunner.run(SuiteRunner.java:364)
	at org.testng.SuiteRunnerWorker.runSuite(SuiteRunnerWorker.java:52)
	at org.testng.SuiteRunnerWorker.run(SuiteRunnerWorker.java:84)
	at org.testng.TestNG.runSuitesSequentially(TestNG.java:1208)
	at org.testng.TestNG.runSuitesLocally(TestNG.java:1137)
	at org.testng.TestNG.runSuites(TestNG.java:1049)
	at org.testng.TestNG.run(TestNG.java:1017)
	at org.testng.remote.AbstractRemoteTestNG.run(AbstractRemoteTestNG.java:115)
	at org.testng.remote.RemoteTestNG.initAndRun(RemoteTestNG.java:251)
	at org.testng.remote.RemoteTestNG.main(RemoteTestNG.java:77)
</pre></div></td>
<td>0</td>
<td>com.redbus.tests.CheckOffersTest@548e6d58</td></tr>
<tr>
<td title='com.redbus.tests.RedbusGloballyBookingSitesTest.open_peru_Booking()'><b>open_peru_Booking</b><br>Test class: com.redbus.tests.RedbusGloballyBookingSitesTest</td>
<td><div><pre>java.lang.AssertionError: expected [] but found [redBus | La forma más fácil de comprar pasajes de bus]
	at com.redbus.tests.RedbusGloballyBookingSitesTest.open_peru_Booking(RedbusGloballyBookingSitesTest.java:93)
... Removed 31 stack frames</pre></div><a href='#' onClick='toggleBox("stack-trace2062755811", this, "Click to show all stack frames", "Click to hide stack frames")'>Click to show all stack frames</a>
<div class='stack-trace' id='stack-trace2062755811'><pre>java.lang.AssertionError: expected [] but found [redBus | La forma más fácil de comprar pasajes de bus]
	at org.testng.Assert.fail(Assert.java:96)
	at org.testng.Assert.failNotEquals(Assert.java:776)
	at org.testng.Assert.assertEqualsImpl(Assert.java:137)
	at org.testng.Assert.assertEquals(Assert.java:118)
	at org.testng.Assert.assertEquals(Assert.java:453)
	at org.testng.Assert.assertEquals(Assert.java:463)
	at com.redbus.tests.RedbusGloballyBookingSitesTest.open_peru_Booking(RedbusGloballyBookingSitesTest.java:93)
	at sun.reflect.NativeMethodAccessorImpl.invoke0(Native Method)
	at sun.reflect.NativeMethodAccessorImpl.invoke(NativeMethodAccessorImpl.java:62)
	at sun.reflect.DelegatingMethodAccessorImpl.invoke(DelegatingMethodAccessorImpl.java:43)
	at java.lang.reflect.Method.invoke(Method.java:498)
	at org.testng.internal.MethodInvocationHelper.invokeMethod(MethodInvocationHelper.java:124)
	at org.testng.internal.Invoker.invokeMethod(Invoker.java:583)
	at org.testng.internal.Invoker.invokeTestMethod(Invoker.java:719)
	at org.testng.internal.Invoker.invokeTestMethods(Invoker.java:989)
	at org.testng.internal.TestMethodWorker.invokeTestMethods(TestMethodWorker.java:125)
	at org.testng.internal.TestMethodWorker.run(TestMethodWorker.java:109)
	at org.testng.TestRunner.privateRun(TestRunner.java:648)
	at org.testng.TestRunner.run(TestRunner.java:505)
	at org.testng.SuiteRunner.runTest(SuiteRunner.java:455)
	at org.testng.SuiteRunner.runSequentially(SuiteRunner.java:450)
	at org.testng.SuiteRunner.privateRun(SuiteRunner.java:415)
	at org.testng.SuiteRunner.run(SuiteRunner.java:364)
	at org.testng.SuiteRunnerWorker.runSuite(SuiteRunnerWorker.java:52)
	at org.testng.SuiteRunnerWorker.run(SuiteRunnerWorker.java:84)
	at org.testng.TestNG.runSuitesSequentially(TestNG.java:1208)
	at org.testng.TestNG.runSuitesLocally(TestNG.java:1137)
	at org.testng.TestNG.runSuites(TestNG.java:1049)
	at org.testng.TestNG.run(TestNG.java:1017)
	at org.testng.remote.AbstractRemoteTestNG.run(AbstractRemoteTestNG.java:115)
	at org.testng.remote.RemoteTestNG.initAndRun(RemoteTestNG.java:251)
	at org.testng.remote.RemoteTestNG.main(RemoteTestNG.java:77)
</pre></div></td>
<td>10</td>
<td>com.redbus.tests.RedbusGloballyBookingSitesTest@17a7f733</td></tr>
<tr>
<td title='com.redbus.tests.NavigateBusOperatorRegistrationTest.operatorRegistration()'><b>operatorRegistration</b><br>Test class: com.redbus.tests.NavigateBusOperatorRegistrationTest</td>
<td><div><pre>java.lang.IndexOutOfBoundsException: Index: 1, Size: 1
	at java.util.ArrayList.rangeCheck(ArrayList.java:657)
	at java.util.ArrayList.get(ArrayList.java:433)
	at com.redbus.pages.InfoSectionPage.navitooperatorregistration(InfoSectionPage.java:84)
	at com.redbus.tests.NavigateBusOperatorRegistrationTest.operatorRegistration(NavigateBusOperatorRegistrationTest.java:29)
... Removed 25 stack frames</pre></div><a href='#' onClick='toggleBox("stack-trace203048480", this, "Click to show all stack frames", "Click to hide stack frames")'>Click to show all stack frames</a>
<div class='stack-trace' id='stack-trace203048480'><pre>java.lang.IndexOutOfBoundsException: Index: 1, Size: 1
	at java.util.ArrayList.rangeCheck(ArrayList.java:657)
	at java.util.ArrayList.get(ArrayList.java:433)
	at com.redbus.pages.InfoSectionPage.navitooperatorregistration(InfoSectionPage.java:84)
	at com.redbus.tests.NavigateBusOperatorRegistrationTest.operatorRegistration(NavigateBusOperatorRegistrationTest.java:29)
	at sun.reflect.NativeMethodAccessorImpl.invoke0(Native Method)
	at sun.reflect.NativeMethodAccessorImpl.invoke(NativeMethodAccessorImpl.java:62)
	at sun.reflect.DelegatingMethodAccessorImpl.invoke(DelegatingMethodAccessorImpl.java:43)
	at java.lang.reflect.Method.invoke(Method.java:498)
	at org.testng.internal.MethodInvocationHelper.invokeMethod(MethodInvocationHelper.java:124)
	at org.testng.internal.Invoker.invokeMethod(Invoker.java:583)
	at org.testng.internal.Invoker.invokeTestMethod(Invoker.java:719)
	at org.testng.internal.Invoker.invokeTestMethods(Invoker.java:989)
	at org.testng.internal.TestMethodWorker.invokeTestMethods(TestMethodWorker.java:125)
	at org.testng.internal.TestMethodWorker.run(TestMethodWorker.java:109)
	at org.testng.TestRunner.privateRun(TestRunner.java:648)
	at org.testng.TestRunner.run(TestRunner.java:505)
	at org.testng.SuiteRunner.runTest(SuiteRunner.java:455)
	at org.testng.SuiteRunner.runSequentially(SuiteRunner.java:450)
	at org.testng.SuiteRunner.privateRun(SuiteRunner.java:415)
	at org.testng.SuiteRunner.run(SuiteRunner.java:364)
	at org.testng.SuiteRunnerWorker.runSuite(SuiteRunnerWorker.java:52)
	at org.testng.SuiteRunnerWorker.run(SuiteRunnerWorker.java:84)
	at org.testng.TestNG.runSuitesSequentially(TestNG.java:1208)
	at org.testng.TestNG.runSuitesLocally(TestNG.java:1137)
	at org.testng.TestNG.runSuites(TestNG.java:1049)
	at org.testng.TestNG.run(TestNG.java:1017)
	at org.testng.remote.AbstractRemoteTestNG.run(AbstractRemoteTestNG.java:115)
	at org.testng.remote.RemoteTestNG.initAndRun(RemoteTestNG.java:251)
	at org.testng.remote.RemoteTestNG.main(RemoteTestNG.java:77)
</pre></div></td>
<td>1</td>
<td>com.redbus.tests.NavigateBusOperatorRegistrationTest@2f465398</td></tr>
<tr>
<td title='com.redbus.tests.InfoSectionTest.privacyPolicysection()'><b>privacyPolicysection</b><br>Test class: com.redbus.tests.InfoSectionTest</td>
<td><div><pre>java.lang.IndexOutOfBoundsException: Index: 1, Size: 1
	at java.util.ArrayList.rangeCheck(ArrayList.java:657)
	at java.util.ArrayList.get(ArrayList.java:433)
	at com.redbus.pages.InfoSectionPage.navitoprivacypolicy(InfoSectionPage.java:63)
	at com.redbus.tests.InfoSectionTest.privacyPolicysection(InfoSectionTest.java:47)
... Removed 25 stack frames</pre></div><a href='#' onClick='toggleBox("stack-trace1109461985", this, "Click to show all stack frames", "Click to hide stack frames")'>Click to show all stack frames</a>
<div class='stack-trace' id='stack-trace1109461985'><pre>java.lang.IndexOutOfBoundsException: Index: 1, Size: 1
	at java.util.ArrayList.rangeCheck(ArrayList.java:657)
	at java.util.ArrayList.get(ArrayList.java:433)
	at com.redbus.pages.InfoSectionPage.navitoprivacypolicy(InfoSectionPage.java:63)
	at com.redbus.tests.InfoSectionTest.privacyPolicysection(InfoSectionTest.java:47)
	at sun.reflect.NativeMethodAccessorImpl.invoke0(Native Method)
	at sun.reflect.NativeMethodAccessorImpl.invoke(NativeMethodAccessorImpl.java:62)
	at sun.reflect.DelegatingMethodAccessorImpl.invoke(DelegatingMethodAccessorImpl.java:43)
	at java.lang.reflect.Method.invoke(Method.java:498)
	at org.testng.internal.MethodInvocationHelper.invokeMethod(MethodInvocationHelper.java:124)
	at org.testng.internal.Invoker.invokeMethod(Invoker.java:583)
	at org.testng.internal.Invoker.invokeTestMethod(Invoker.java:719)
	at org.testng.internal.Invoker.invokeTestMethods(Invoker.java:989)
	at org.testng.internal.TestMethodWorker.invokeTestMethods(TestMethodWorker.java:125)
	at org.testng.internal.TestMethodWorker.run(TestMethodWorker.java:109)
	at org.testng.TestRunner.privateRun(TestRunner.java:648)
	at org.testng.TestRunner.run(TestRunner.java:505)
	at org.testng.SuiteRunner.runTest(SuiteRunner.java:455)
	at org.testng.SuiteRunner.runSequentially(SuiteRunner.java:450)
	at org.testng.SuiteRunner.privateRun(SuiteRunner.java:415)
	at org.testng.SuiteRunner.run(SuiteRunner.java:364)
	at org.testng.SuiteRunnerWorker.runSuite(SuiteRunnerWorker.java:52)
	at org.testng.SuiteRunnerWorker.run(SuiteRunnerWorker.java:84)
	at org.testng.TestNG.runSuitesSequentially(TestNG.java:1208)
	at org.testng.TestNG.runSuitesLocally(TestNG.java:1137)
	at org.testng.TestNG.runSuites(TestNG.java:1049)
	at org.testng.TestNG.run(TestNG.java:1017)
	at org.testng.remote.AbstractRemoteTestNG.run(AbstractRemoteTestNG.java:115)
	at org.testng.remote.RemoteTestNG.initAndRun(RemoteTestNG.java:251)
	at org.testng.remote.RemoteTestNG.main(RemoteTestNG.java:77)
</pre></div></td>
<td>0</td>
<td>com.redbus.tests.InfoSectionTest@175b9425</td></tr>
<tr>
<td title='com.redbus.tests.InfoSectionTest.termAndCondition()'><b>termAndCondition</b><br>Test class: com.redbus.tests.InfoSectionTest</td>
<td><div><pre>java.lang.IndexOutOfBoundsException: Index: 1, Size: 1
	at java.util.ArrayList.rangeCheck(ArrayList.java:657)
	at java.util.ArrayList.get(ArrayList.java:433)
	at com.redbus.pages.InfoSectionPage.naviToTC(InfoSectionPage.java:56)
	at com.redbus.tests.InfoSectionTest.termAndCondition(InfoSectionTest.java:27)
... Removed 25 stack frames</pre></div><a href='#' onClick='toggleBox("stack-trace1505964934", this, "Click to show all stack frames", "Click to hide stack frames")'>Click to show all stack frames</a>
<div class='stack-trace' id='stack-trace1505964934'><pre>java.lang.IndexOutOfBoundsException: Index: 1, Size: 1
	at java.util.ArrayList.rangeCheck(ArrayList.java:657)
	at java.util.ArrayList.get(ArrayList.java:433)
	at com.redbus.pages.InfoSectionPage.naviToTC(InfoSectionPage.java:56)
	at com.redbus.tests.InfoSectionTest.termAndCondition(InfoSectionTest.java:27)
	at sun.reflect.NativeMethodAccessorImpl.invoke0(Native Method)
	at sun.reflect.NativeMethodAccessorImpl.invoke(NativeMethodAccessorImpl.java:62)
	at sun.reflect.DelegatingMethodAccessorImpl.invoke(DelegatingMethodAccessorImpl.java:43)
	at java.lang.reflect.Method.invoke(Method.java:498)
	at org.testng.internal.MethodInvocationHelper.invokeMethod(MethodInvocationHelper.java:124)
	at org.testng.internal.Invoker.invokeMethod(Invoker.java:583)
	at org.testng.internal.Invoker.invokeTestMethod(Invoker.java:719)
	at org.testng.internal.Invoker.invokeTestMethods(Invoker.java:989)
	at org.testng.internal.TestMethodWorker.invokeTestMethods(TestMethodWorker.java:125)
	at org.testng.internal.TestMethodWorker.run(TestMethodWorker.java:109)
	at org.testng.TestRunner.privateRun(TestRunner.java:648)
	at org.testng.TestRunner.run(TestRunner.java:505)
	at org.testng.SuiteRunner.runTest(SuiteRunner.java:455)
	at org.testng.SuiteRunner.runSequentially(SuiteRunner.java:450)
	at org.testng.SuiteRunner.privateRun(SuiteRunner.java:415)
	at org.testng.SuiteRunner.run(SuiteRunner.java:364)
	at org.testng.SuiteRunnerWorker.runSuite(SuiteRunnerWorker.java:52)
	at org.testng.SuiteRunnerWorker.run(SuiteRunnerWorker.java:84)
	at org.testng.TestNG.runSuitesSequentially(TestNG.java:1208)
	at org.testng.TestNG.runSuitesLocally(TestNG.java:1137)
	at org.testng.TestNG.runSuites(TestNG.java:1049)
	at org.testng.TestNG.run(TestNG.java:1017)
	at org.testng.remote.AbstractRemoteTestNG.run(AbstractRemoteTestNG.java:115)
	at org.testng.remote.RemoteTestNG.initAndRun(RemoteTestNG.java:251)
	at org.testng.remote.RemoteTestNG.main(RemoteTestNG.java:77)
</pre></div></td>
<td>0</td>
<td>com.redbus.tests.InfoSectionTest@175b9425</td></tr>
</table><p>
<table width='100%' border='1' class='invocation-passed'>
<tr><td colspan='4' align='center'><b>PASSED TESTS</b></td></tr>
<tr><td><b>Test method</b></td>
<td width="30%"><b>Exception</b></td>
<td width="10%"><b>Time (seconds)</b></td>
<td><b>Instance</b></td>
</tr>
<tr>
<td title='com.redbus.tests.AirportBusHiringTest.BusHiringAirport()'><b>BusHiringAirport</b><br>Test class: com.redbus.tests.AirportBusHiringTest</td>
<td></td>
<td>42</td>
<td>com.redbus.tests.AirportBusHiringTest@68567e20</td></tr>
<tr>
<td title='com.redbus.tests.LocalBusHiringTest.BusHiringLocal()'><b>BusHiringLocal</b><br>Test class: com.redbus.tests.LocalBusHiringTest</td>
<td></td>
<td>46</td>
<td>com.redbus.tests.LocalBusHiringTest@3098cf3b</td></tr>
<tr>
<td title='com.redbus.tests.OutstaionBusHiringTest.BusHiringOutstation()'><b>BusHiringOutstation</b><br>Test class: com.redbus.tests.OutstaionBusHiringTest</td>
<td></td>
<td>69</td>
<td>com.redbus.tests.OutstaionBusHiringTest@21b2e768</td></tr>
<tr>
<td title='com.redbus.tests.ContactUsTest.ContactRedBus()'><b>ContactRedBus</b><br>Test class: com.redbus.tests.ContactUsTest</td>
<td></td>
<td>16</td>
<td>com.redbus.tests.ContactUsTest@6ff29830</td></tr>
<tr>
<td title='com.redbus.tests.CustomerHelpsectionTest.Help()'><b>Help</b><br>Test class: com.redbus.tests.CustomerHelpsectionTest</td>
<td></td>
<td>13</td>
<td>com.redbus.tests.CustomerHelpsectionTest@623a8092</td></tr>
<tr>
<td title='com.redbus.tests.ManageBookingShowMyTicketTest.ShowTicket()'><b>ShowTicket</b><br>Test class: com.redbus.tests.ManageBookingShowMyTicketTest</td>
<td></td>
<td>6</td>
<td>com.redbus.tests.ManageBookingShowMyTicketTest@57250572</td></tr>
<tr>
<td title='com.redbus.tests.MangaingBookingCancelTicketTest.TicketCancel()'><b>TicketCancel</b><br>Test class: com.redbus.tests.MangaingBookingCancelTicketTest</td>
<td></td>
<td>6</td>
<td>com.redbus.tests.MangaingBookingCancelTicketTest@2638011</td></tr>
<tr>
<td title='com.redbus.tests.ManageBookingChangeTravelDateTest.TravelDate()'><b>TravelDate</b><br>Test class: com.redbus.tests.ManageBookingChangeTravelDateTest</td>
<td></td>
<td>6</td>
<td>com.redbus.tests.ManageBookingChangeTravelDateTest@313b2ea6</td></tr>
<tr>
<td title='com.redbus.tests.SearchBusTest.ValidsearchBus()'><b>ValidsearchBus</b><br>Test class: com.redbus.tests.SearchBusTest</td>
<td></td>
<td>12</td>
<td>com.redbus.tests.SearchBusTest@610f7aa</td></tr>
<tr>
<td title='com.redbus.tests.InfoSectionTest.insuranceSection()'><b>insuranceSection</b><br>Test class: com.redbus.tests.InfoSectionTest</td>
<td></td>
<td>12</td>
<td>com.redbus.tests.InfoSectionTest@175b9425</td></tr>
<tr>
<td title='com.redbus.tests.SearchBusTest.invalidDestinationSearchBus()'><b>invalidDestinationSearchBus</b><br>Test class: com.redbus.tests.SearchBusTest</td>
<td></td>
<td>7</td>
<td>com.redbus.tests.SearchBusTest@610f7aa</td></tr>
<tr>
<td title='com.redbus.tests.SearchBusTest.invalidSourceSearchBus()'><b>invalidSourceSearchBus</b><br>Test class: com.redbus.tests.SearchBusTest</td>
<td></td>
<td>7</td>
<td>com.redbus.tests.SearchBusTest@610f7aa</td></tr>
<tr>
<td title='com.redbus.tests.ModifySearchBusLocationTest.modifySearchLocation()'><b>modifySearchLocation</b><br>Test class: com.redbus.tests.ModifySearchBusLocationTest</td>
<td></td>
<td>13</td>
<td>com.redbus.tests.ModifySearchBusLocationTest@6a03bcb1</td></tr>
<tr>
<td title='com.redbus.tests.RedbusGloballyBookingSitesTest.open_Malaysia_Booking()'><b>open_Malaysia_Booking</b><br>Test class: com.redbus.tests.RedbusGloballyBookingSitesTest</td>
<td></td>
<td>10</td>
<td>com.redbus.tests.RedbusGloballyBookingSitesTest@17a7f733</td></tr>
<tr>
<td title='com.redbus.tests.RedbusGloballyBookingSitesTest.open_colombia_Booking()'><b>open_colombia_Booking</b><br>Test class: com.redbus.tests.RedbusGloballyBookingSitesTest</td>
<td></td>
<td>16</td>
<td>com.redbus.tests.RedbusGloballyBookingSitesTest@17a7f733</td></tr>
<tr>
<td title='com.redbus.tests.RedbusGloballyBookingSitesTest.open_indonesia_Booking()'><b>open_indonesia_Booking</b><br>Test class: com.redbus.tests.RedbusGloballyBookingSitesTest</td>
<td></td>
<td>18</td>
<td>com.redbus.tests.RedbusGloballyBookingSitesTest@17a7f733</td></tr>
<tr>
<td title='com.redbus.tests.RedbusGloballyBookingSitesTest.open_singapore_Booking()'><b>open_singapore_Booking</b><br>Test class: com.redbus.tests.RedbusGloballyBookingSitesTest</td>
<td></td>
<td>14</td>
<td>com.redbus.tests.RedbusGloballyBookingSitesTest@17a7f733</td></tr>
<tr>
<td title='com.redbus.tests.RedbusPartnerwebsitesTest.partnerWebsitesgoibibosite()'><b>partnerWebsitesgoibibosite</b><br>Test class: com.redbus.tests.RedbusPartnerwebsitesTest</td>
<td></td>
<td>19</td>
<td>com.redbus.tests.RedbusPartnerwebsitesTest@2118cddf</td></tr>
<tr>
<td title='com.redbus.tests.RedbusPartnerwebsitesTest.partnerWebsitesmakemytrip()'><b>partnerWebsitesmakemytrip</b><br>Test class: com.redbus.tests.RedbusPartnerwebsitesTest</td>
<td></td>
<td>10</td>
<td>com.redbus.tests.RedbusPartnerwebsitesTest@2118cddf</td></tr>
<tr>
<td title='com.redbus.tests.rPoolSectionTest.rPoolfunctionality()'><b>rPoolfunctionality</b><br>Test class: com.redbus.tests.rPoolSectionTest</td>
<td></td>
<td>11</td>
<td>com.redbus.tests.rPoolSectionTest@5609159b</td></tr>
<tr>
<td title='com.redbus.tests.SigninTest.signin()'><b>signin</b><br>Test class: com.redbus.tests.SigninTest</td>
<td></td>
<td>6</td>
<td>com.redbus.tests.SigninTest@68267da0</td></tr>
<tr>
<td title='com.redbus.tests.InfoSectionTest.userAgreementSection()'><b>userAgreementSection</b><br>Test class: com.redbus.tests.InfoSectionTest</td>
<td></td>
<td>12</td>
<td>com.redbus.tests.InfoSectionTest@175b9425</td></tr>
</table><p>
</body>
</html>