<?xml version="1.0" encoding="UTF-8"?>
<testng-results skipped="0" failed="10" ignored="36" total="68" passed="22">
  <reporter-output>
  </reporter-output>
  <suite name="Suite" duration-ms="1048961" started-at="2021-07-05T03:17:11Z" finished-at="2021-07-05T03:34:40Z">
    <groups>
    </groups>
    <test name="Test" duration-ms="1048961" started-at="2021-07-05T03:17:11Z" finished-at="2021-07-05T03:34:40Z">
      <class name="com.redbus.tests.InfoSectionTest">
        <test-method status="PASS" signature="intializeWebdriver()[pri:0, instance:com.redbus.tests.InfoSectionTest@175b9425]" name="intializeWebdriver" is-config="true" duration-ms="5567" started-at="2021-07-05T03:20:33Z" finished-at="2021-07-05T03:20:39Z">
          <reporter-output>
          </reporter-output>
        </test-method> <!-- intializeWebdriver -->
        <test-method status="PASS" signature="openBrowser()[pri:0, instance:com.redbus.tests.InfoSectionTest@175b9425]" name="openBrowser" is-config="true" duration-ms="2753" started-at="2021-07-05T03:20:39Z" finished-at="2021-07-05T03:20:42Z">
          <reporter-output>
          </reporter-output>
        </test-method> <!-- openBrowser -->
        <test-method status="FAIL" signature="agentRegistration()[pri:0, instance:com.redbus.tests.InfoSectionTest@175b9425]" name="agentRegistration" duration-ms="10188" started-at="2021-07-05T03:20:42Z" finished-at="2021-07-05T03:20:52Z">
          <exception class="java.lang.AssertionError">
            <message>
              <![CDATA[expected [] but found [Seat Seller]]]>
            </message>
            <full-stacktrace>
              <![CDATA[java.lang.AssertionError: expected [] but found [Seat Seller]
at org.testng.Assert.fail(Assert.java:96)
at org.testng.Assert.failNotEquals(Assert.java:776)
at org.testng.Assert.assertEqualsImpl(Assert.java:137)
at org.testng.Assert.assertEquals(Assert.java:118)
at org.testng.Assert.assertEquals(Assert.java:453)
at org.testng.Assert.assertEquals(Assert.java:463)
at com.redbus.tests.InfoSectionTest.agentRegistration(InfoSectionTest.java:157)
at sun.reflect.NativeMethodAccessorImpl.invoke0(Native Method)
at sun.reflect.NativeMethodAccessorImpl.invoke(NativeMethodAccessorImpl.java:62)
at sun.reflect.DelegatingMethodAccessorImpl.invoke(DelegatingMethodAccessorImpl.java:43)
at java.lang.reflect.Method.invoke(Method.java:498)
at org.testng.internal.MethodInvocationHelper.invokeMethod(MethodInvocationHelper.java:124)
at org.testng.internal.Invoker.invokeMethod(Invoker.java:583)
at org.testng.internal.Invoker.invokeTestMethod(Invoker.java:719)
at org.testng.internal.Invoker.invokeTestMethods(Invoker.java:989)
at org.testng.internal.TestMethodWorker.invokeTestMethods(TestMethodWorker.java:125)
at org.testng.internal.TestMethodWorker.run(TestMethodWorker.java:109)
at org.testng.TestRunner.privateRun(TestRunner.java:648)
at org.testng.TestRunner.run(TestRunner.java:505)
at org.testng.SuiteRunner.runTest(SuiteRunner.java:455)
at org.testng.SuiteRunner.runSequentially(SuiteRunner.java:450)
at org.testng.SuiteRunner.privateRun(SuiteRunner.java:415)
at org.testng.SuiteRunner.run(SuiteRunner.java:364)
at org.testng.SuiteRunnerWorker.runSuite(SuiteRunnerWorker.java:52)
at org.testng.SuiteRunnerWorker.run(SuiteRunnerWorker.java:84)
at org.testng.TestNG.runSuitesSequentially(TestNG.java:1208)
at org.testng.TestNG.runSuitesLocally(TestNG.java:1137)
at org.testng.TestNG.runSuites(TestNG.java:1049)
at org.testng.TestNG.run(TestNG.java:1017)
at org.testng.remote.AbstractRemoteTestNG.run(AbstractRemoteTestNG.java:115)
at org.testng.remote.RemoteTestNG.initAndRun(RemoteTestNG.java:251)
at org.testng.remote.RemoteTestNG.main(RemoteTestNG.java:77)
]]>
            </full-stacktrace>
          </exception> <!-- java.lang.AssertionError -->
          <reporter-output>
          </reporter-output>
        </test-method> <!-- agentRegistration -->
        <test-method status="PASS" signature="attachScreenShot(org.testng.ITestResult)[pri:0, instance:com.redbus.tests.InfoSectionTest@175b9425]" name="attachScreenShot" is-config="true" duration-ms="445" started-at="2021-07-05T03:20:52Z" finished-at="2021-07-05T03:20:52Z">
          <params>
            <param index="0">
              <value>
                <![CDATA[[TestResult name=agentRegistration status=FAILURE method=InfoSectionTest.agentRegistration()[pri:0, instance:com.redbus.tests.InfoSectionTest@175b9425] output={null}]]]>
              </value>
            </param>
          </params>
          <reporter-output>
          </reporter-output>
        </test-method> <!-- attachScreenShot -->
        <test-method status="PASS" signature="closeBrowser()[pri:0, instance:com.redbus.tests.InfoSectionTest@175b9425]" name="closeBrowser" is-config="true" duration-ms="7791" started-at="2021-07-05T03:20:52Z" finished-at="2021-07-05T03:21:00Z">
          <reporter-output>
          </reporter-output>
        </test-method> <!-- closeBrowser -->
        <test-method status="PASS" signature="intializeWebdriver()[pri:0, instance:com.redbus.tests.InfoSectionTest@175b9425]" name="intializeWebdriver" is-config="true" duration-ms="5555" started-at="2021-07-05T03:21:00Z" finished-at="2021-07-05T03:21:05Z">
          <reporter-output>
          </reporter-output>
        </test-method> <!-- intializeWebdriver -->
        <test-method status="PASS" signature="openBrowser()[pri:0, instance:com.redbus.tests.InfoSectionTest@175b9425]" name="openBrowser" is-config="true" duration-ms="1750" started-at="2021-07-05T03:21:05Z" finished-at="2021-07-05T03:21:07Z">
          <reporter-output>
          </reporter-output>
        </test-method> <!-- openBrowser -->
        <test-method status="FAIL" signature="blogSection()[pri:0, instance:com.redbus.tests.InfoSectionTest@175b9425]" name="blogSection" duration-ms="292" started-at="2021-07-05T03:21:07Z" finished-at="2021-07-05T03:21:08Z">
          <exception class="java.lang.IndexOutOfBoundsException">
            <message>
              <![CDATA[Index: 1, Size: 1]]>
            </message>
            <full-stacktrace>
              <![CDATA[java.lang.IndexOutOfBoundsException: Index: 1, Size: 1
at java.util.ArrayList.rangeCheck(ArrayList.java:657)
at java.util.ArrayList.get(ArrayList.java:433)
at com.redbus.pages.InfoSectionPage.navitoblog(InfoSectionPage.java:77)
at com.redbus.tests.InfoSectionTest.blogSection(InfoSectionTest.java:90)
at sun.reflect.NativeMethodAccessorImpl.invoke0(Native Method)
at sun.reflect.NativeMethodAccessorImpl.invoke(NativeMethodAccessorImpl.java:62)
at sun.reflect.DelegatingMethodAccessorImpl.invoke(DelegatingMethodAccessorImpl.java:43)
at java.lang.reflect.Method.invoke(Method.java:498)
at org.testng.internal.MethodInvocationHelper.invokeMethod(MethodInvocationHelper.java:124)
at org.testng.internal.Invoker.invokeMethod(Invoker.java:583)
at org.testng.internal.Invoker.invokeTestMethod(Invoker.java:719)
at org.testng.internal.Invoker.invokeTestMethods(Invoker.java:989)
at org.testng.internal.TestMethodWorker.invokeTestMethods(TestMethodWorker.java:125)
at org.testng.internal.TestMethodWorker.run(TestMethodWorker.java:109)
at org.testng.TestRunner.privateRun(TestRunner.java:648)
at org.testng.TestRunner.run(TestRunner.java:505)
at org.testng.SuiteRunner.runTest(SuiteRunner.java:455)
at org.testng.SuiteRunner.runSequentially(SuiteRunner.java:450)
at org.testng.SuiteRunner.privateRun(SuiteRunner.java:415)
at org.testng.SuiteRunner.run(SuiteRunner.java:364)
at org.testng.SuiteRunnerWorker.runSuite(SuiteRunnerWorker.java:52)
at org.testng.SuiteRunnerWorker.run(SuiteRunnerWorker.java:84)
at org.testng.TestNG.runSuitesSequentially(TestNG.java:1208)
at org.testng.TestNG.runSuitesLocally(TestNG.java:1137)
at org.testng.TestNG.runSuites(TestNG.java:1049)
at org.testng.TestNG.run(TestNG.java:1017)
at org.testng.remote.AbstractRemoteTestNG.run(AbstractRemoteTestNG.java:115)
at org.testng.remote.RemoteTestNG.initAndRun(RemoteTestNG.java:251)
at org.testng.remote.RemoteTestNG.main(RemoteTestNG.java:77)
]]>
            </full-stacktrace>
          </exception> <!-- java.lang.IndexOutOfBoundsException -->
          <reporter-output>
          </reporter-output>
        </test-method> <!-- blogSection -->
        <test-method status="PASS" signature="attachScreenShot(org.testng.ITestResult)[pri:0, instance:com.redbus.tests.InfoSectionTest@175b9425]" name="attachScreenShot" is-config="true" duration-ms="7379" started-at="2021-07-05T03:21:08Z" finished-at="2021-07-05T03:21:15Z">
          <params>
            <param index="0">
              <value>
                <![CDATA[[TestResult name=blogSection status=FAILURE method=InfoSectionTest.blogSection()[pri:0, instance:com.redbus.tests.InfoSectionTest@175b9425] output={null}]]]>
              </value>
            </param>
          </params>
          <reporter-output>
          </reporter-output>
        </test-method> <!-- attachScreenShot -->
        <test-method status="PASS" signature="closeBrowser()[pri:0, instance:com.redbus.tests.InfoSectionTest@175b9425]" name="closeBrowser" is-config="true" duration-ms="7813" started-at="2021-07-05T03:21:15Z" finished-at="2021-07-05T03:21:23Z">
          <reporter-output>
          </reporter-output>
        </test-method> <!-- closeBrowser -->
        <test-method status="PASS" signature="intializeWebdriver()[pri:0, instance:com.redbus.tests.InfoSectionTest@175b9425]" name="intializeWebdriver" is-config="true" duration-ms="5575" started-at="2021-07-05T03:21:23Z" finished-at="2021-07-05T03:21:28Z">
          <reporter-output>
          </reporter-output>
        </test-method> <!-- intializeWebdriver -->
        <test-method status="PASS" signature="openBrowser()[pri:0, instance:com.redbus.tests.InfoSectionTest@175b9425]" name="openBrowser" is-config="true" duration-ms="2787" started-at="2021-07-05T03:21:28Z" finished-at="2021-07-05T03:21:31Z">
          <reporter-output>
          </reporter-output>
        </test-method> <!-- openBrowser -->
        <test-method status="FAIL" signature="faqsection()[pri:0, instance:com.redbus.tests.InfoSectionTest@175b9425]" name="faqsection" duration-ms="776" started-at="2021-07-05T03:21:31Z" finished-at="2021-07-05T03:21:32Z">
          <exception class="java.lang.IndexOutOfBoundsException">
            <message>
              <![CDATA[Index: 1, Size: 1]]>
            </message>
            <full-stacktrace>
              <![CDATA[java.lang.IndexOutOfBoundsException: Index: 1, Size: 1
at java.util.ArrayList.rangeCheck(ArrayList.java:657)
at java.util.ArrayList.get(ArrayList.java:433)
at com.redbus.pages.InfoSectionPage.navitofaq(InfoSectionPage.java:70)
at com.redbus.tests.InfoSectionTest.faqsection(InfoSectionTest.java:68)
at sun.reflect.NativeMethodAccessorImpl.invoke0(Native Method)
at sun.reflect.NativeMethodAccessorImpl.invoke(NativeMethodAccessorImpl.java:62)
at sun.reflect.DelegatingMethodAccessorImpl.invoke(DelegatingMethodAccessorImpl.java:43)
at java.lang.reflect.Method.invoke(Method.java:498)
at org.testng.internal.MethodInvocationHelper.invokeMethod(MethodInvocationHelper.java:124)
at org.testng.internal.Invoker.invokeMethod(Invoker.java:583)
at org.testng.internal.Invoker.invokeTestMethod(Invoker.java:719)
at org.testng.internal.Invoker.invokeTestMethods(Invoker.java:989)
at org.testng.internal.TestMethodWorker.invokeTestMethods(TestMethodWorker.java:125)
at org.testng.internal.TestMethodWorker.run(TestMethodWorker.java:109)
at org.testng.TestRunner.privateRun(TestRunner.java:648)
at org.testng.TestRunner.run(TestRunner.java:505)
at org.testng.SuiteRunner.runTest(SuiteRunner.java:455)
at org.testng.SuiteRunner.runSequentially(SuiteRunner.java:450)
at org.testng.SuiteRunner.privateRun(SuiteRunner.java:415)
at org.testng.SuiteRunner.run(SuiteRunner.java:364)
at org.testng.SuiteRunnerWorker.runSuite(SuiteRunnerWorker.java:52)
at org.testng.SuiteRunnerWorker.run(SuiteRunnerWorker.java:84)
at org.testng.TestNG.runSuitesSequentially(TestNG.java:1208)
at org.testng.TestNG.runSuitesLocally(TestNG.java:1137)
at org.testng.TestNG.runSuites(TestNG.java:1049)
at org.testng.TestNG.run(TestNG.java:1017)
at org.testng.remote.AbstractRemoteTestNG.run(AbstractRemoteTestNG.java:115)
at org.testng.remote.RemoteTestNG.initAndRun(RemoteTestNG.java:251)
at org.testng.remote.RemoteTestNG.main(RemoteTestNG.java:77)
]]>
            </full-stacktrace>
          </exception> <!-- java.lang.IndexOutOfBoundsException -->
          <reporter-output>
          </reporter-output>
        </test-method> <!-- faqsection -->
        <test-method status="PASS" signature="attachScreenShot(org.testng.ITestResult)[pri:0, instance:com.redbus.tests.InfoSectionTest@175b9425]" name="attachScreenShot" is-config="true" duration-ms="7481" started-at="2021-07-05T03:21:32Z" finished-at="2021-07-05T03:21:39Z">
          <params>
            <param index="0">
              <value>
                <![CDATA[[TestResult name=faqsection status=FAILURE method=InfoSectionTest.faqsection()[pri:0, instance:com.redbus.tests.InfoSectionTest@175b9425] output={null}]]]>
              </value>
            </param>
          </params>
          <reporter-output>
          </reporter-output>
        </test-method> <!-- attachScreenShot -->
        <test-method status="PASS" signature="closeBrowser()[pri:0, instance:com.redbus.tests.InfoSectionTest@175b9425]" name="closeBrowser" is-config="true" duration-ms="7724" started-at="2021-07-05T03:21:39Z" finished-at="2021-07-05T03:21:47Z">
          <reporter-output>
          </reporter-output>
        </test-method> <!-- closeBrowser -->
        <test-method status="PASS" signature="intializeWebdriver()[pri:0, instance:com.redbus.tests.InfoSectionTest@175b9425]" name="intializeWebdriver" is-config="true" duration-ms="6062" started-at="2021-07-05T03:21:47Z" finished-at="2021-07-05T03:21:53Z">
          <reporter-output>
          </reporter-output>
        </test-method> <!-- intializeWebdriver -->
        <test-method status="PASS" signature="openBrowser()[pri:0, instance:com.redbus.tests.InfoSectionTest@175b9425]" name="openBrowser" is-config="true" duration-ms="2289" started-at="2021-07-05T03:21:53Z" finished-at="2021-07-05T03:21:55Z">
          <reporter-output>
          </reporter-output>
        </test-method> <!-- openBrowser -->
        <test-method status="PASS" signature="insuranceSection()[pri:0, instance:com.redbus.tests.InfoSectionTest@175b9425]" name="insuranceSection" duration-ms="12552" started-at="2021-07-05T03:21:55Z" finished-at="2021-07-05T03:22:08Z">
          <reporter-output>
          </reporter-output>
        </test-method> <!-- insuranceSection -->
        <test-method status="PASS" signature="attachScreenShot(org.testng.ITestResult)[pri:0, instance:com.redbus.tests.InfoSectionTest@175b9425]" name="attachScreenShot" is-config="true" duration-ms="1" started-at="2021-07-05T03:22:08Z" finished-at="2021-07-05T03:22:08Z">
          <params>
            <param index="0">
              <value>
                <![CDATA[[TestResult name=insuranceSection status=SUCCESS method=InfoSectionTest.insuranceSection()[pri:0, instance:com.redbus.tests.InfoSectionTest@175b9425] output={null}]]]>
              </value>
            </param>
          </params>
          <reporter-output>
          </reporter-output>
        </test-method> <!-- attachScreenShot -->
        <test-method status="PASS" signature="closeBrowser()[pri:0, instance:com.redbus.tests.InfoSectionTest@175b9425]" name="closeBrowser" is-config="true" duration-ms="7506" started-at="2021-07-05T03:22:08Z" finished-at="2021-07-05T03:22:15Z">
          <reporter-output>
          </reporter-output>
        </test-method> <!-- closeBrowser -->
        <test-method status="PASS" signature="intializeWebdriver()[pri:0, instance:com.redbus.tests.InfoSectionTest@175b9425]" name="intializeWebdriver" is-config="true" duration-ms="6100" started-at="2021-07-05T03:22:15Z" finished-at="2021-07-05T03:22:22Z">
          <reporter-output>
          </reporter-output>
        </test-method> <!-- intializeWebdriver -->
        <test-method status="PASS" signature="openBrowser()[pri:0, instance:com.redbus.tests.InfoSectionTest@175b9425]" name="openBrowser" is-config="true" duration-ms="1883" started-at="2021-07-05T03:22:22Z" finished-at="2021-07-05T03:22:23Z">
          <reporter-output>
          </reporter-output>
        </test-method> <!-- openBrowser -->
        <test-method status="FAIL" signature="privacyPolicysection()[pri:0, instance:com.redbus.tests.InfoSectionTest@175b9425]" name="privacyPolicysection" duration-ms="381" started-at="2021-07-05T03:22:23Z" finished-at="2021-07-05T03:22:24Z">
          <exception class="java.lang.IndexOutOfBoundsException">
            <message>
              <![CDATA[Index: 1, Size: 1]]>
            </message>
            <full-stacktrace>
              <![CDATA[java.lang.IndexOutOfBoundsException: Index: 1, Size: 1
at java.util.ArrayList.rangeCheck(ArrayList.java:657)
at java.util.ArrayList.get(ArrayList.java:433)
at com.redbus.pages.InfoSectionPage.navitoprivacypolicy(InfoSectionPage.java:63)
at com.redbus.tests.InfoSectionTest.privacyPolicysection(InfoSectionTest.java:47)
at sun.reflect.NativeMethodAccessorImpl.invoke0(Native Method)
at sun.reflect.NativeMethodAccessorImpl.invoke(NativeMethodAccessorImpl.java:62)
at sun.reflect.DelegatingMethodAccessorImpl.invoke(DelegatingMethodAccessorImpl.java:43)
at java.lang.reflect.Method.invoke(Method.java:498)
at org.testng.internal.MethodInvocationHelper.invokeMethod(MethodInvocationHelper.java:124)
at org.testng.internal.Invoker.invokeMethod(Invoker.java:583)
at org.testng.internal.Invoker.invokeTestMethod(Invoker.java:719)
at org.testng.internal.Invoker.invokeTestMethods(Invoker.java:989)
at org.testng.internal.TestMethodWorker.invokeTestMethods(TestMethodWorker.java:125)
at org.testng.internal.TestMethodWorker.run(TestMethodWorker.java:109)
at org.testng.TestRunner.privateRun(TestRunner.java:648)
at org.testng.TestRunner.run(TestRunner.java:505)
at org.testng.SuiteRunner.runTest(SuiteRunner.java:455)
at org.testng.SuiteRunner.runSequentially(SuiteRunner.java:450)
at org.testng.SuiteRunner.privateRun(SuiteRunner.java:415)
at org.testng.SuiteRunner.run(SuiteRunner.java:364)
at org.testng.SuiteRunnerWorker.runSuite(SuiteRunnerWorker.java:52)
at org.testng.SuiteRunnerWorker.run(SuiteRunnerWorker.java:84)
at org.testng.TestNG.runSuitesSequentially(TestNG.java:1208)
at org.testng.TestNG.runSuitesLocally(TestNG.java:1137)
at org.testng.TestNG.runSuites(TestNG.java:1049)
at org.testng.TestNG.run(TestNG.java:1017)
at org.testng.remote.AbstractRemoteTestNG.run(AbstractRemoteTestNG.java:115)
at org.testng.remote.RemoteTestNG.initAndRun(RemoteTestNG.java:251)
at org.testng.remote.RemoteTestNG.main(RemoteTestNG.java:77)
]]>
            </full-stacktrace>
          </exception> <!-- java.lang.IndexOutOfBoundsException -->
          <reporter-output>
          </reporter-output>
        </test-method> <!-- privacyPolicysection -->
        <test-method status="PASS" signature="attachScreenShot(org.testng.ITestResult)[pri:0, instance:com.redbus.tests.InfoSectionTest@175b9425]" name="attachScreenShot" is-config="true" duration-ms="7107" started-at="2021-07-05T03:22:24Z" finished-at="2021-07-05T03:22:31Z">
          <params>
            <param index="0">
              <value>
                <![CDATA[[TestResult name=privacyPolicysection status=FAILURE method=InfoSectionTest.privacyPolicysection()[pri:0, instance:com.redbus.tests.InfoSectionTest@175b9425] output={null}]]]>
              </value>
            </param>
          </params>
          <reporter-output>
          </reporter-output>
        </test-method> <!-- attachScreenShot -->
        <test-method status="PASS" signature="closeBrowser()[pri:0, instance:com.redbus.tests.InfoSectionTest@175b9425]" name="closeBrowser" is-config="true" duration-ms="7183" started-at="2021-07-05T03:22:31Z" finished-at="2021-07-05T03:22:38Z">
          <reporter-output>
          </reporter-output>
        </test-method> <!-- closeBrowser -->
        <test-method status="PASS" signature="intializeWebdriver()[pri:0, instance:com.redbus.tests.InfoSectionTest@175b9425]" name="intializeWebdriver" is-config="true" duration-ms="6006" started-at="2021-07-05T03:22:38Z" finished-at="2021-07-05T03:22:44Z">
          <reporter-output>
          </reporter-output>
        </test-method> <!-- intializeWebdriver -->
        <test-method status="PASS" signature="openBrowser()[pri:0, instance:com.redbus.tests.InfoSectionTest@175b9425]" name="openBrowser" is-config="true" duration-ms="5016" started-at="2021-07-05T03:22:44Z" finished-at="2021-07-05T03:22:49Z">
          <reporter-output>
          </reporter-output>
        </test-method> <!-- openBrowser -->
        <test-method status="FAIL" signature="termAndCondition()[pri:0, instance:com.redbus.tests.InfoSectionTest@175b9425]" name="termAndCondition" duration-ms="229" started-at="2021-07-05T03:22:49Z" finished-at="2021-07-05T03:22:49Z">
          <exception class="java.lang.IndexOutOfBoundsException">
            <message>
              <![CDATA[Index: 1, Size: 1]]>
            </message>
            <full-stacktrace>
              <![CDATA[java.lang.IndexOutOfBoundsException: Index: 1, Size: 1
at java.util.ArrayList.rangeCheck(ArrayList.java:657)
at java.util.ArrayList.get(ArrayList.java:433)
at com.redbus.pages.InfoSectionPage.naviToTC(InfoSectionPage.java:56)
at com.redbus.tests.InfoSectionTest.termAndCondition(InfoSectionTest.java:27)
at sun.reflect.NativeMethodAccessorImpl.invoke0(Native Method)
at sun.reflect.NativeMethodAccessorImpl.invoke(NativeMethodAccessorImpl.java:62)
at sun.reflect.DelegatingMethodAccessorImpl.invoke(DelegatingMethodAccessorImpl.java:43)
at java.lang.reflect.Method.invoke(Method.java:498)
at org.testng.internal.MethodInvocationHelper.invokeMethod(MethodInvocationHelper.java:124)
at org.testng.internal.Invoker.invokeMethod(Invoker.java:583)
at org.testng.internal.Invoker.invokeTestMethod(Invoker.java:719)
at org.testng.internal.Invoker.invokeTestMethods(Invoker.java:989)
at org.testng.internal.TestMethodWorker.invokeTestMethods(TestMethodWorker.java:125)
at org.testng.internal.TestMethodWorker.run(TestMethodWorker.java:109)
at org.testng.TestRunner.privateRun(TestRunner.java:648)
at org.testng.TestRunner.run(TestRunner.java:505)
at org.testng.SuiteRunner.runTest(SuiteRunner.java:455)
at org.testng.SuiteRunner.runSequentially(SuiteRunner.java:450)
at org.testng.SuiteRunner.privateRun(SuiteRunner.java:415)
at org.testng.SuiteRunner.run(SuiteRunner.java:364)
at org.testng.SuiteRunnerWorker.runSuite(SuiteRunnerWorker.java:52)
at org.testng.SuiteRunnerWorker.run(SuiteRunnerWorker.java:84)
at org.testng.TestNG.runSuitesSequentially(TestNG.java:1208)
at org.testng.TestNG.runSuitesLocally(TestNG.java:1137)
at org.testng.TestNG.runSuites(TestNG.java:1049)
at org.testng.TestNG.run(TestNG.java:1017)
at org.testng.remote.AbstractRemoteTestNG.run(AbstractRemoteTestNG.java:115)
at org.testng.remote.RemoteTestNG.initAndRun(RemoteTestNG.java:251)
at org.testng.remote.RemoteTestNG.main(RemoteTestNG.java:77)
]]>
            </full-stacktrace>
          </exception> <!-- java.lang.IndexOutOfBoundsException -->
          <reporter-output>
          </reporter-output>
        </test-method> <!-- termAndCondition -->
        <test-method status="PASS" signature="attachScreenShot(org.testng.ITestResult)[pri:0, instance:com.redbus.tests.InfoSectionTest@175b9425]" name="attachScreenShot" is-config="true" duration-ms="2736" started-at="2021-07-05T03:22:49Z" finished-at="2021-07-05T03:22:52Z">
          <params>
            <param index="0">
              <value>
                <![CDATA[[TestResult name=termAndCondition status=FAILURE method=InfoSectionTest.termAndCondition()[pri:0, instance:com.redbus.tests.InfoSectionTest@175b9425] output={null}]]]>
              </value>
            </param>
          </params>
          <reporter-output>
          </reporter-output>
        </test-method> <!-- attachScreenShot -->
        <test-method status="PASS" signature="closeBrowser()[pri:0, instance:com.redbus.tests.InfoSectionTest@175b9425]" name="closeBrowser" is-config="true" duration-ms="7928" started-at="2021-07-05T03:22:52Z" finished-at="2021-07-05T03:23:00Z">
          <reporter-output>
          </reporter-output>
        </test-method> <!-- closeBrowser -->
        <test-method status="PASS" signature="intializeWebdriver()[pri:0, instance:com.redbus.tests.InfoSectionTest@175b9425]" name="intializeWebdriver" is-config="true" duration-ms="6028" started-at="2021-07-05T03:23:00Z" finished-at="2021-07-05T03:23:06Z">
          <reporter-output>
          </reporter-output>
        </test-method> <!-- intializeWebdriver -->
        <test-method status="PASS" signature="openBrowser()[pri:0, instance:com.redbus.tests.InfoSectionTest@175b9425]" name="openBrowser" is-config="true" duration-ms="1793" started-at="2021-07-05T03:23:06Z" finished-at="2021-07-05T03:23:08Z">
          <reporter-output>
          </reporter-output>
        </test-method> <!-- openBrowser -->
        <test-method status="PASS" signature="userAgreementSection()[pri:0, instance:com.redbus.tests.InfoSectionTest@175b9425]" name="userAgreementSection" duration-ms="12554" started-at="2021-07-05T03:23:08Z" finished-at="2021-07-05T03:23:20Z">
          <reporter-output>
          </reporter-output>
        </test-method> <!-- userAgreementSection -->
        <test-method status="PASS" signature="attachScreenShot(org.testng.ITestResult)[pri:0, instance:com.redbus.tests.InfoSectionTest@175b9425]" name="attachScreenShot" is-config="true" duration-ms="2" started-at="2021-07-05T03:23:20Z" finished-at="2021-07-05T03:23:20Z">
          <params>
            <param index="0">
              <value>
                <![CDATA[[TestResult name=userAgreementSection status=SUCCESS method=InfoSectionTest.userAgreementSection()[pri:0, instance:com.redbus.tests.InfoSectionTest@175b9425] output={null}]]]>
              </value>
            </param>
          </params>
          <reporter-output>
          </reporter-output>
        </test-method> <!-- attachScreenShot -->
        <test-method status="PASS" signature="closeBrowser()[pri:0, instance:com.redbus.tests.InfoSectionTest@175b9425]" name="closeBrowser" is-config="true" duration-ms="7234" started-at="2021-07-05T03:23:20Z" finished-at="2021-07-05T03:23:28Z">
          <reporter-output>
          </reporter-output>
        </test-method> <!-- closeBrowser -->
      </class> <!-- com.redbus.tests.InfoSectionTest -->
      <class name="com.redbus.tests.LocalBusHiringTest">
        <test-method status="PASS" signature="intializeWebdriver()[pri:0, instance:com.redbus.tests.LocalBusHiringTest@3098cf3b]" name="intializeWebdriver" is-config="true" duration-ms="5880" started-at="2021-07-05T03:23:28Z" finished-at="2021-07-05T03:23:34Z">
          <reporter-output>
          </reporter-output>
        </test-method> <!-- intializeWebdriver -->
        <test-method status="PASS" signature="openBrowser()[pri:0, instance:com.redbus.tests.LocalBusHiringTest@3098cf3b]" name="openBrowser" is-config="true" duration-ms="5651" started-at="2021-07-05T03:23:34Z" finished-at="2021-07-05T03:23:39Z">
          <reporter-output>
          </reporter-output>
        </test-method> <!-- openBrowser -->
        <test-method status="PASS" signature="BusHiringLocal()[pri:0, instance:com.redbus.tests.LocalBusHiringTest@3098cf3b]" name="BusHiringLocal" duration-ms="46483" started-at="2021-07-05T03:23:39Z" finished-at="2021-07-05T03:24:26Z">
          <reporter-output>
          </reporter-output>
        </test-method> <!-- BusHiringLocal -->
        <test-method status="PASS" signature="attachScreenShot(org.testng.ITestResult)[pri:0, instance:com.redbus.tests.LocalBusHiringTest@3098cf3b]" name="attachScreenShot" is-config="true" duration-ms="2" started-at="2021-07-05T03:24:26Z" finished-at="2021-07-05T03:24:26Z">
          <params>
            <param index="0">
              <value>
                <![CDATA[[TestResult name=BusHiringLocal status=SUCCESS method=LocalBusHiringTest.BusHiringLocal()[pri:0, instance:com.redbus.tests.LocalBusHiringTest@3098cf3b] output={null}]]]>
              </value>
            </param>
          </params>
          <reporter-output>
          </reporter-output>
        </test-method> <!-- attachScreenShot -->
        <test-method status="PASS" signature="closeBrowser()[pri:0, instance:com.redbus.tests.LocalBusHiringTest@3098cf3b]" name="closeBrowser" is-config="true" duration-ms="7431" started-at="2021-07-05T03:24:26Z" finished-at="2021-07-05T03:24:33Z">
          <reporter-output>
          </reporter-output>
        </test-method> <!-- closeBrowser -->
      </class> <!-- com.redbus.tests.LocalBusHiringTest -->
      <class name="com.redbus.tests.CareersTest">
        <test-method status="PASS" signature="intializeWebdriver()[pri:0, instance:com.redbus.tests.CareersTest@6a2b953e]" name="intializeWebdriver" is-config="true" duration-ms="4985" started-at="2021-07-05T03:17:41Z" finished-at="2021-07-05T03:17:46Z">
          <reporter-output>
          </reporter-output>
        </test-method> <!-- intializeWebdriver -->
        <test-method status="PASS" signature="openBrowser()[pri:0, instance:com.redbus.tests.CareersTest@6a2b953e]" name="openBrowser" is-config="true" duration-ms="1774" started-at="2021-07-05T03:17:46Z" finished-at="2021-07-05T03:17:48Z">
          <reporter-output>
          </reporter-output>
        </test-method> <!-- openBrowser -->
        <test-method status="FAIL" signature="careers()[pri:0, instance:com.redbus.tests.CareersTest@6a2b953e]" name="careers" duration-ms="10720" started-at="2021-07-05T03:17:48Z" finished-at="2021-07-05T03:17:58Z">
          <exception class="java.lang.AssertionError">
            <message>
              <![CDATA[expected [Book Bus Travels, AC Volvo Bus, rPool & Bus Hire - redBus India] but found []]]>
            </message>
            <full-stacktrace>
              <![CDATA[java.lang.AssertionError: expected [Book Bus Travels, AC Volvo Bus, rPool & Bus Hire - redBus India] but found []
at org.testng.Assert.fail(Assert.java:96)
at org.testng.Assert.failNotEquals(Assert.java:776)
at org.testng.Assert.assertEqualsImpl(Assert.java:137)
at org.testng.Assert.assertEquals(Assert.java:118)
at org.testng.Assert.assertEquals(Assert.java:453)
at org.testng.Assert.assertEquals(Assert.java:463)
at com.redbus.tests.CareersTest.careers(CareersTest.java:34)
at sun.reflect.NativeMethodAccessorImpl.invoke0(Native Method)
at sun.reflect.NativeMethodAccessorImpl.invoke(NativeMethodAccessorImpl.java:62)
at sun.reflect.DelegatingMethodAccessorImpl.invoke(DelegatingMethodAccessorImpl.java:43)
at java.lang.reflect.Method.invoke(Method.java:498)
at org.testng.internal.MethodInvocationHelper.invokeMethod(MethodInvocationHelper.java:124)
at org.testng.internal.Invoker.invokeMethod(Invoker.java:583)
at org.testng.internal.Invoker.invokeTestMethod(Invoker.java:719)
at org.testng.internal.Invoker.invokeTestMethods(Invoker.java:989)
at org.testng.internal.TestMethodWorker.invokeTestMethods(TestMethodWorker.java:125)
at org.testng.internal.TestMethodWorker.run(TestMethodWorker.java:109)
at org.testng.TestRunner.privateRun(TestRunner.java:648)
at org.testng.TestRunner.run(TestRunner.java:505)
at org.testng.SuiteRunner.runTest(SuiteRunner.java:455)
at org.testng.SuiteRunner.runSequentially(SuiteRunner.java:450)
at org.testng.SuiteRunner.privateRun(SuiteRunner.java:415)
at org.testng.SuiteRunner.run(SuiteRunner.java:364)
at org.testng.SuiteRunnerWorker.runSuite(SuiteRunnerWorker.java:52)
at org.testng.SuiteRunnerWorker.run(SuiteRunnerWorker.java:84)
at org.testng.TestNG.runSuitesSequentially(TestNG.java:1208)
at org.testng.TestNG.runSuitesLocally(TestNG.java:1137)
at org.testng.TestNG.runSuites(TestNG.java:1049)
at org.testng.TestNG.run(TestNG.java:1017)
at org.testng.remote.AbstractRemoteTestNG.run(AbstractRemoteTestNG.java:115)
at org.testng.remote.RemoteTestNG.initAndRun(RemoteTestNG.java:251)
at org.testng.remote.RemoteTestNG.main(RemoteTestNG.java:77)
]]>
            </full-stacktrace>
          </exception> <!-- java.lang.AssertionError -->
          <reporter-output>
          </reporter-output>
        </test-method> <!-- careers -->
        <test-method status="PASS" signature="attachScreenShot(org.testng.ITestResult)[pri:0, instance:com.redbus.tests.CareersTest@6a2b953e]" name="attachScreenShot" is-config="true" duration-ms="1276" started-at="2021-07-05T03:17:58Z" finished-at="2021-07-05T03:18:00Z">
          <params>
            <param index="0">
              <value>
                <![CDATA[[TestResult name=careers status=FAILURE method=CareersTest.careers()[pri:0, instance:com.redbus.tests.CareersTest@6a2b953e] output={null}]]]>
              </value>
            </param>
          </params>
          <reporter-output>
          </reporter-output>
        </test-method> <!-- attachScreenShot -->
        <test-method status="PASS" signature="closeBrowser()[pri:0, instance:com.redbus.tests.CareersTest@6a2b953e]" name="closeBrowser" is-config="true" duration-ms="7909" started-at="2021-07-05T03:18:00Z" finished-at="2021-07-05T03:18:08Z">
          <reporter-output>
          </reporter-output>
        </test-method> <!-- closeBrowser -->
      </class> <!-- com.redbus.tests.CareersTest -->
      <class name="com.redbus.tests.NavigateBusOperatorRegistrationTest">
        <test-method status="PASS" signature="intializeWebdriver()[pri:0, instance:com.redbus.tests.NavigateBusOperatorRegistrationTest@2f465398]" name="intializeWebdriver" is-config="true" duration-ms="5592" started-at="2021-07-05T03:18:52Z" finished-at="2021-07-05T03:18:58Z">
          <reporter-output>
          </reporter-output>
        </test-method> <!-- intializeWebdriver -->
        <test-method status="PASS" signature="openBrowser()[pri:0, instance:com.redbus.tests.NavigateBusOperatorRegistrationTest@2f465398]" name="openBrowser" is-config="true" duration-ms="2324" started-at="2021-07-05T03:18:58Z" finished-at="2021-07-05T03:19:00Z">
          <reporter-output>
          </reporter-output>
        </test-method> <!-- openBrowser -->
        <test-method status="FAIL" signature="operatorRegistration()[pri:0, instance:com.redbus.tests.NavigateBusOperatorRegistrationTest@2f465398]" name="operatorRegistration" duration-ms="1308" started-at="2021-07-05T03:19:00Z" finished-at="2021-07-05T03:19:01Z">
          <exception class="java.lang.IndexOutOfBoundsException">
            <message>
              <![CDATA[Index: 1, Size: 1]]>
            </message>
            <full-stacktrace>
              <![CDATA[java.lang.IndexOutOfBoundsException: Index: 1, Size: 1
at java.util.ArrayList.rangeCheck(ArrayList.java:657)
at java.util.ArrayList.get(ArrayList.java:433)
at com.redbus.pages.InfoSectionPage.navitooperatorregistration(InfoSectionPage.java:84)
at com.redbus.tests.NavigateBusOperatorRegistrationTest.operatorRegistration(NavigateBusOperatorRegistrationTest.java:29)
at sun.reflect.NativeMethodAccessorImpl.invoke0(Native Method)
at sun.reflect.NativeMethodAccessorImpl.invoke(NativeMethodAccessorImpl.java:62)
at sun.reflect.DelegatingMethodAccessorImpl.invoke(DelegatingMethodAccessorImpl.java:43)
at java.lang.reflect.Method.invoke(Method.java:498)
at org.testng.internal.MethodInvocationHelper.invokeMethod(MethodInvocationHelper.java:124)
at org.testng.internal.Invoker.invokeMethod(Invoker.java:583)
at org.testng.internal.Invoker.invokeTestMethod(Invoker.java:719)
at org.testng.internal.Invoker.invokeTestMethods(Invoker.java:989)
at org.testng.internal.TestMethodWorker.invokeTestMethods(TestMethodWorker.java:125)
at org.testng.internal.TestMethodWorker.run(TestMethodWorker.java:109)
at org.testng.TestRunner.privateRun(TestRunner.java:648)
at org.testng.TestRunner.run(TestRunner.java:505)
at org.testng.SuiteRunner.runTest(SuiteRunner.java:455)
at org.testng.SuiteRunner.runSequentially(SuiteRunner.java:450)
at org.testng.SuiteRunner.privateRun(SuiteRunner.java:415)
at org.testng.SuiteRunner.run(SuiteRunner.java:364)
at org.testng.SuiteRunnerWorker.runSuite(SuiteRunnerWorker.java:52)
at org.testng.SuiteRunnerWorker.run(SuiteRunnerWorker.java:84)
at org.testng.TestNG.runSuitesSequentially(TestNG.java:1208)
at org.testng.TestNG.runSuitesLocally(TestNG.java:1137)
at org.testng.TestNG.runSuites(TestNG.java:1049)
at org.testng.TestNG.run(TestNG.java:1017)
at org.testng.remote.AbstractRemoteTestNG.run(AbstractRemoteTestNG.java:115)
at org.testng.remote.RemoteTestNG.initAndRun(RemoteTestNG.java:251)
at org.testng.remote.RemoteTestNG.main(RemoteTestNG.java:77)
]]>
            </full-stacktrace>
          </exception> <!-- java.lang.IndexOutOfBoundsException -->
          <reporter-output>
          </reporter-output>
        </test-method> <!-- operatorRegistration -->
        <test-method status="PASS" signature="attachScreenShot(org.testng.ITestResult)[pri:0, instance:com.redbus.tests.NavigateBusOperatorRegistrationTest@2f465398]" name="attachScreenShot" is-config="true" duration-ms="9877" started-at="2021-07-05T03:19:01Z" finished-at="2021-07-05T03:19:11Z">
          <params>
            <param index="0">
              <value>
                <![CDATA[[TestResult name=operatorRegistration status=FAILURE method=NavigateBusOperatorRegistrationTest.operatorRegistration()[pri:0, instance:com.redbus.tests.NavigateBusOperatorRegistrationTest@2f465398] output={null}]]]>
              </value>
            </param>
          </params>
          <reporter-output>
          </reporter-output>
        </test-method> <!-- attachScreenShot -->
        <test-method status="PASS" signature="closeBrowser()[pri:0, instance:com.redbus.tests.NavigateBusOperatorRegistrationTest@2f465398]" name="closeBrowser" is-config="true" duration-ms="7463" started-at="2021-07-05T03:19:11Z" finished-at="2021-07-05T03:19:19Z">
          <reporter-output>
          </reporter-output>
        </test-method> <!-- closeBrowser -->
      </class> <!-- com.redbus.tests.NavigateBusOperatorRegistrationTest -->
      <class name="com.redbus.tests.RedbusGloballyBookingSitesTest">
        <test-method status="PASS" signature="intializeWebdriver()[pri:0, instance:com.redbus.tests.RedbusGloballyBookingSitesTest@17a7f733]" name="intializeWebdriver" is-config="true" duration-ms="15379" started-at="2021-07-05T03:29:35Z" finished-at="2021-07-05T03:29:50Z">
          <reporter-output>
          </reporter-output>
        </test-method> <!-- intializeWebdriver -->
        <test-method status="PASS" signature="openBrowser()[pri:0, instance:com.redbus.tests.RedbusGloballyBookingSitesTest@17a7f733]" name="openBrowser" is-config="true" duration-ms="8666" started-at="2021-07-05T03:29:50Z" finished-at="2021-07-05T03:29:59Z">
          <reporter-output>
          </reporter-output>
        </test-method> <!-- openBrowser -->
        <test-method status="PASS" signature="open_Malaysia_Booking()[pri:0, instance:com.redbus.tests.RedbusGloballyBookingSitesTest@17a7f733]" name="open_Malaysia_Booking" duration-ms="10473" started-at="2021-07-05T03:29:59Z" finished-at="2021-07-05T03:30:09Z">
          <reporter-output>
          </reporter-output>
        </test-method> <!-- open_Malaysia_Booking -->
        <test-method status="PASS" signature="attachScreenShot(org.testng.ITestResult)[pri:0, instance:com.redbus.tests.RedbusGloballyBookingSitesTest@17a7f733]" name="attachScreenShot" is-config="true" duration-ms="1" started-at="2021-07-05T03:30:09Z" finished-at="2021-07-05T03:30:09Z">
          <params>
            <param index="0">
              <value>
                <![CDATA[[TestResult name=open_Malaysia_Booking status=SUCCESS method=RedbusGloballyBookingSitesTest.open_Malaysia_Booking()[pri:0, instance:com.redbus.tests.RedbusGloballyBookingSitesTest@17a7f733] output={null}]]]>
              </value>
            </param>
          </params>
          <reporter-output>
          </reporter-output>
        </test-method> <!-- attachScreenShot -->
        <test-method status="PASS" signature="closeBrowser()[pri:0, instance:com.redbus.tests.RedbusGloballyBookingSitesTest@17a7f733]" name="closeBrowser" is-config="true" duration-ms="8666" started-at="2021-07-05T03:30:09Z" finished-at="2021-07-05T03:30:18Z">
          <reporter-output>
          </reporter-output>
        </test-method> <!-- closeBrowser -->
        <test-method status="PASS" signature="intializeWebdriver()[pri:0, instance:com.redbus.tests.RedbusGloballyBookingSitesTest@17a7f733]" name="intializeWebdriver" is-config="true" duration-ms="7911" started-at="2021-07-05T03:30:18Z" finished-at="2021-07-05T03:30:26Z">
          <reporter-output>
          </reporter-output>
        </test-method> <!-- intializeWebdriver -->
        <test-method status="PASS" signature="openBrowser()[pri:0, instance:com.redbus.tests.RedbusGloballyBookingSitesTest@17a7f733]" name="openBrowser" is-config="true" duration-ms="4240" started-at="2021-07-05T03:30:26Z" finished-at="2021-07-05T03:30:30Z">
          <reporter-output>
          </reporter-output>
        </test-method> <!-- openBrowser -->
        <test-method status="PASS" signature="open_colombia_Booking()[pri:0, instance:com.redbus.tests.RedbusGloballyBookingSitesTest@17a7f733]" name="open_colombia_Booking" duration-ms="16664" started-at="2021-07-05T03:30:30Z" finished-at="2021-07-05T03:30:47Z">
          <reporter-output>
          </reporter-output>
        </test-method> <!-- open_colombia_Booking -->
        <test-method status="PASS" signature="attachScreenShot(org.testng.ITestResult)[pri:0, instance:com.redbus.tests.RedbusGloballyBookingSitesTest@17a7f733]" name="attachScreenShot" is-config="true" duration-ms="1" started-at="2021-07-05T03:30:47Z" finished-at="2021-07-05T03:30:47Z">
          <params>
            <param index="0">
              <value>
                <![CDATA[[TestResult name=open_colombia_Booking status=SUCCESS method=RedbusGloballyBookingSitesTest.open_colombia_Booking()[pri:0, instance:com.redbus.tests.RedbusGloballyBookingSitesTest@17a7f733] output={null}]]]>
              </value>
            </param>
          </params>
          <reporter-output>
          </reporter-output>
        </test-method> <!-- attachScreenShot -->
        <test-method status="PASS" signature="closeBrowser()[pri:0, instance:com.redbus.tests.RedbusGloballyBookingSitesTest@17a7f733]" name="closeBrowser" is-config="true" duration-ms="7915" started-at="2021-07-05T03:30:47Z" finished-at="2021-07-05T03:30:55Z">
          <reporter-output>
          </reporter-output>
        </test-method> <!-- closeBrowser -->
        <test-method status="PASS" signature="intializeWebdriver()[pri:0, instance:com.redbus.tests.RedbusGloballyBookingSitesTest@17a7f733]" name="intializeWebdriver" is-config="true" duration-ms="5535" started-at="2021-07-05T03:30:55Z" finished-at="2021-07-05T03:31:00Z">
          <reporter-output>
          </reporter-output>
        </test-method> <!-- intializeWebdriver -->
        <test-method status="PASS" signature="openBrowser()[pri:0, instance:com.redbus.tests.RedbusGloballyBookingSitesTest@17a7f733]" name="openBrowser" is-config="true" duration-ms="3484" started-at="2021-07-05T03:31:00Z" finished-at="2021-07-05T03:31:04Z">
          <reporter-output>
          </reporter-output>
        </test-method> <!-- openBrowser -->
        <test-method status="PASS" signature="open_indonesia_Booking()[pri:0, instance:com.redbus.tests.RedbusGloballyBookingSitesTest@17a7f733]" name="open_indonesia_Booking" duration-ms="18967" started-at="2021-07-05T03:31:04Z" finished-at="2021-07-05T03:31:23Z">
          <reporter-output>
          </reporter-output>
        </test-method> <!-- open_indonesia_Booking -->
        <test-method status="PASS" signature="attachScreenShot(org.testng.ITestResult)[pri:0, instance:com.redbus.tests.RedbusGloballyBookingSitesTest@17a7f733]" name="attachScreenShot" is-config="true" duration-ms="1" started-at="2021-07-05T03:31:23Z" finished-at="2021-07-05T03:31:23Z">
          <params>
            <param index="0">
              <value>
                <![CDATA[[TestResult name=open_indonesia_Booking status=SUCCESS method=RedbusGloballyBookingSitesTest.open_indonesia_Booking()[pri:0, instance:com.redbus.tests.RedbusGloballyBookingSitesTest@17a7f733] output={null}]]]>
              </value>
            </param>
          </params>
          <reporter-output>
          </reporter-output>
        </test-method> <!-- attachScreenShot -->
        <test-method status="PASS" signature="closeBrowser()[pri:0, instance:com.redbus.tests.RedbusGloballyBookingSitesTest@17a7f733]" name="closeBrowser" is-config="true" duration-ms="6893" started-at="2021-07-05T03:31:23Z" finished-at="2021-07-05T03:31:30Z">
          <reporter-output>
          </reporter-output>
        </test-method> <!-- closeBrowser -->
        <test-method status="PASS" signature="intializeWebdriver()[pri:0, instance:com.redbus.tests.RedbusGloballyBookingSitesTest@17a7f733]" name="intializeWebdriver" is-config="true" duration-ms="10007" started-at="2021-07-05T03:31:30Z" finished-at="2021-07-05T03:31:40Z">
          <reporter-output>
          </reporter-output>
        </test-method> <!-- intializeWebdriver -->
        <test-method status="PASS" signature="openBrowser()[pri:0, instance:com.redbus.tests.RedbusGloballyBookingSitesTest@17a7f733]" name="openBrowser" is-config="true" duration-ms="5368" started-at="2021-07-05T03:31:40Z" finished-at="2021-07-05T03:31:45Z">
          <reporter-output>
          </reporter-output>
        </test-method> <!-- openBrowser -->
        <test-method status="FAIL" signature="open_peru_Booking()[pri:0, instance:com.redbus.tests.RedbusGloballyBookingSitesTest@17a7f733]" name="open_peru_Booking" duration-ms="10607" started-at="2021-07-05T03:31:45Z" finished-at="2021-07-05T03:31:56Z">
          <exception class="java.lang.AssertionError">
            <message>
              <![CDATA[expected [] but found [redBus | La forma m치s f치cil de comprar pasajes de bus]]]>
            </message>
            <full-stacktrace>
              <![CDATA[java.lang.AssertionError: expected [] but found [redBus | La forma m치s f치cil de comprar pasajes de bus]
at org.testng.Assert.fail(Assert.java:96)
at org.testng.Assert.failNotEquals(Assert.java:776)
at org.testng.Assert.assertEqualsImpl(Assert.java:137)
at org.testng.Assert.assertEquals(Assert.java:118)
at org.testng.Assert.assertEquals(Assert.java:453)
at org.testng.Assert.assertEquals(Assert.java:463)
at com.redbus.tests.RedbusGloballyBookingSitesTest.open_peru_Booking(RedbusGloballyBookingSitesTest.java:93)
at sun.reflect.NativeMethodAccessorImpl.invoke0(Native Method)
at sun.reflect.NativeMethodAccessorImpl.invoke(NativeMethodAccessorImpl.java:62)
at sun.reflect.DelegatingMethodAccessorImpl.invoke(DelegatingMethodAccessorImpl.java:43)
at java.lang.reflect.Method.invoke(Method.java:498)
at org.testng.internal.MethodInvocationHelper.invokeMethod(MethodInvocationHelper.java:124)
at org.testng.internal.Invoker.invokeMethod(Invoker.java:583)
at org.testng.internal.Invoker.invokeTestMethod(Invoker.java:719)
at org.testng.internal.Invoker.invokeTestMethods(Invoker.java:989)
at org.testng.internal.TestMethodWorker.invokeTestMethods(TestMethodWorker.java:125)
at org.testng.internal.TestMethodWorker.run(TestMethodWorker.java:109)
at org.testng.TestRunner.privateRun(TestRunner.java:648)
at org.testng.TestRunner.run(TestRunner.java:505)
at org.testng.SuiteRunner.runTest(SuiteRunner.java:455)
at org.testng.SuiteRunner.runSequentially(SuiteRunner.java:450)
at org.testng.SuiteRunner.privateRun(SuiteRunner.java:415)
at org.testng.SuiteRunner.run(SuiteRunner.java:364)
at org.testng.SuiteRunnerWorker.runSuite(SuiteRunnerWorker.java:52)
at org.testng.SuiteRunnerWorker.run(SuiteRunnerWorker.java:84)
at org.testng.TestNG.runSuitesSequentially(TestNG.java:1208)
at org.testng.TestNG.runSuitesLocally(TestNG.java:1137)
at org.testng.TestNG.runSuites(TestNG.java:1049)
at org.testng.TestNG.run(TestNG.java:1017)
at org.testng.remote.AbstractRemoteTestNG.run(AbstractRemoteTestNG.java:115)
at org.testng.remote.RemoteTestNG.initAndRun(RemoteTestNG.java:251)
at org.testng.remote.RemoteTestNG.main(RemoteTestNG.java:77)
]]>
            </full-stacktrace>
          </exception> <!-- java.lang.AssertionError -->
          <reporter-output>
          </reporter-output>
        </test-method> <!-- open_peru_Booking -->
        <test-method status="PASS" signature="attachScreenShot(org.testng.ITestResult)[pri:0, instance:com.redbus.tests.RedbusGloballyBookingSitesTest@17a7f733]" name="attachScreenShot" is-config="true" duration-ms="294" started-at="2021-07-05T03:31:56Z" finished-at="2021-07-05T03:31:56Z">
          <params>
            <param index="0">
              <value>
                <![CDATA[[TestResult name=open_peru_Booking status=FAILURE method=RedbusGloballyBookingSitesTest.open_peru_Booking()[pri:0, instance:com.redbus.tests.RedbusGloballyBookingSitesTest@17a7f733] output={null}]]]>
              </value>
            </param>
          </params>
          <reporter-output>
          </reporter-output>
        </test-method> <!-- attachScreenShot -->
        <test-method status="PASS" signature="closeBrowser()[pri:0, instance:com.redbus.tests.RedbusGloballyBookingSitesTest@17a7f733]" name="closeBrowser" is-config="true" duration-ms="7781" started-at="2021-07-05T03:31:56Z" finished-at="2021-07-05T03:32:04Z">
          <reporter-output>
          </reporter-output>
        </test-method> <!-- closeBrowser -->
        <test-method status="PASS" signature="intializeWebdriver()[pri:0, instance:com.redbus.tests.RedbusGloballyBookingSitesTest@17a7f733]" name="intializeWebdriver" is-config="true" duration-ms="7918" started-at="2021-07-05T03:32:04Z" finished-at="2021-07-05T03:32:12Z">
          <reporter-output>
          </reporter-output>
        </test-method> <!-- intializeWebdriver -->
        <test-method status="PASS" signature="openBrowser()[pri:0, instance:com.redbus.tests.RedbusGloballyBookingSitesTest@17a7f733]" name="openBrowser" is-config="true" duration-ms="4932" started-at="2021-07-05T03:32:12Z" finished-at="2021-07-05T03:32:17Z">
          <reporter-output>
          </reporter-output>
        </test-method> <!-- openBrowser -->
        <test-method status="PASS" signature="open_singapore_Booking()[pri:0, instance:com.redbus.tests.RedbusGloballyBookingSitesTest@17a7f733]" name="open_singapore_Booking" duration-ms="14284" started-at="2021-07-05T03:32:17Z" finished-at="2021-07-05T03:32:31Z">
          <reporter-output>
          </reporter-output>
        </test-method> <!-- open_singapore_Booking -->
        <test-method status="PASS" signature="closeBrowser()[pri:0, instance:com.redbus.tests.RedbusGloballyBookingSitesTest@17a7f733]" name="closeBrowser" is-config="true" duration-ms="7966" started-at="2021-07-05T03:32:31Z" finished-at="2021-07-05T03:32:39Z">
          <reporter-output>
          </reporter-output>
        </test-method> <!-- closeBrowser -->
        <test-method status="PASS" signature="attachScreenShot(org.testng.ITestResult)[pri:0, instance:com.redbus.tests.RedbusGloballyBookingSitesTest@17a7f733]" name="attachScreenShot" is-config="true" duration-ms="0" started-at="2021-07-05T03:32:31Z" finished-at="2021-07-05T03:32:31Z">
          <params>
            <param index="0">
              <value>
                <![CDATA[[TestResult name=open_singapore_Booking status=SUCCESS method=RedbusGloballyBookingSitesTest.open_singapore_Booking()[pri:0, instance:com.redbus.tests.RedbusGloballyBookingSitesTest@17a7f733] output={null}]]]>
              </value>
            </param>
          </params>
          <reporter-output>
          </reporter-output>
        </test-method> <!-- attachScreenShot -->
      </class> <!-- com.redbus.tests.RedbusGloballyBookingSitesTest -->
      <class name="com.redbus.tests.AirportBusHiringTest">
        <test-method status="PASS" signature="intializeWebdriver()[pri:0, instance:com.redbus.tests.AirportBusHiringTest@68567e20]" name="intializeWebdriver" is-config="true" duration-ms="8902" started-at="2021-07-05T03:32:39Z" finished-at="2021-07-05T03:32:48Z">
          <reporter-output>
          </reporter-output>
        </test-method> <!-- intializeWebdriver -->
        <test-method status="PASS" signature="openBrowser()[pri:0, instance:com.redbus.tests.AirportBusHiringTest@68567e20]" name="openBrowser" is-config="true" duration-ms="3551" started-at="2021-07-05T03:32:48Z" finished-at="2021-07-05T03:32:51Z">
          <reporter-output>
          </reporter-output>
        </test-method> <!-- openBrowser -->
        <test-method status="PASS" signature="BusHiringAirport()[pri:0, instance:com.redbus.tests.AirportBusHiringTest@68567e20]" name="BusHiringAirport" duration-ms="42048" started-at="2021-07-05T03:32:51Z" finished-at="2021-07-05T03:33:33Z">
          <reporter-output>
          </reporter-output>
        </test-method> <!-- BusHiringAirport -->
        <test-method status="PASS" signature="attachScreenShot(org.testng.ITestResult)[pri:0, instance:com.redbus.tests.AirportBusHiringTest@68567e20]" name="attachScreenShot" is-config="true" duration-ms="1" started-at="2021-07-05T03:33:33Z" finished-at="2021-07-05T03:33:33Z">
          <params>
            <param index="0">
              <value>
                <![CDATA[[TestResult name=BusHiringAirport status=SUCCESS method=AirportBusHiringTest.BusHiringAirport()[pri:0, instance:com.redbus.tests.AirportBusHiringTest@68567e20] output={null}]]]>
              </value>
            </param>
          </params>
          <reporter-output>
          </reporter-output>
        </test-method> <!-- attachScreenShot -->
        <test-method status="PASS" signature="closeBrowser()[pri:0, instance:com.redbus.tests.AirportBusHiringTest@68567e20]" name="closeBrowser" is-config="true" duration-ms="7257" started-at="2021-07-05T03:33:33Z" finished-at="2021-07-05T03:33:41Z">
          <reporter-output>
          </reporter-output>
        </test-method> <!-- closeBrowser -->
      </class> <!-- com.redbus.tests.AirportBusHiringTest -->
      <class name="com.redbus.tests.ManageBookingChangeTravelDateTest">
        <test-method status="PASS" signature="intializeWebdriver()[pri:0, instance:com.redbus.tests.ManageBookingChangeTravelDateTest@313b2ea6]" name="intializeWebdriver" is-config="true" duration-ms="6073" started-at="2021-07-05T03:18:30Z" finished-at="2021-07-05T03:18:36Z">
          <reporter-output>
          </reporter-output>
        </test-method> <!-- intializeWebdriver -->
        <test-method status="PASS" signature="openBrowser()[pri:0, instance:com.redbus.tests.ManageBookingChangeTravelDateTest@313b2ea6]" name="openBrowser" is-config="true" duration-ms="1990" started-at="2021-07-05T03:18:36Z" finished-at="2021-07-05T03:18:38Z">
          <reporter-output>
          </reporter-output>
        </test-method> <!-- openBrowser -->
        <test-method status="PASS" signature="TravelDate()[pri:0, instance:com.redbus.tests.ManageBookingChangeTravelDateTest@313b2ea6]" name="TravelDate" duration-ms="6812" started-at="2021-07-05T03:18:38Z" finished-at="2021-07-05T03:18:45Z">
          <reporter-output>
          </reporter-output>
        </test-method> <!-- TravelDate -->
        <test-method status="PASS" signature="closeBrowser()[pri:0, instance:com.redbus.tests.ManageBookingChangeTravelDateTest@313b2ea6]" name="closeBrowser" is-config="true" duration-ms="7502" started-at="2021-07-05T03:18:45Z" finished-at="2021-07-05T03:18:52Z">
          <reporter-output>
          </reporter-output>
        </test-method> <!-- closeBrowser -->
        <test-method status="PASS" signature="attachScreenShot(org.testng.ITestResult)[pri:0, instance:com.redbus.tests.ManageBookingChangeTravelDateTest@313b2ea6]" name="attachScreenShot" is-config="true" duration-ms="0" started-at="2021-07-05T03:18:45Z" finished-at="2021-07-05T03:18:45Z">
          <params>
            <param index="0">
              <value>
                <![CDATA[[TestResult name=TravelDate status=SUCCESS method=ManageBookingChangeTravelDateTest.TravelDate()[pri:0, instance:com.redbus.tests.ManageBookingChangeTravelDateTest@313b2ea6] output={null}]]]>
              </value>
            </param>
          </params>
          <reporter-output>
          </reporter-output>
        </test-method> <!-- attachScreenShot -->
      </class> <!-- com.redbus.tests.ManageBookingChangeTravelDateTest -->
      <class name="com.redbus.tests.RedbusPartnerwebsitesTest">
        <test-method status="PASS" signature="intializeWebdriver()[pri:0, instance:com.redbus.tests.RedbusPartnerwebsitesTest@2118cddf]" name="intializeWebdriver" is-config="true" duration-ms="10879" started-at="2021-07-05T03:28:04Z" finished-at="2021-07-05T03:28:15Z">
          <reporter-output>
          </reporter-output>
        </test-method> <!-- intializeWebdriver -->
        <test-method status="PASS" signature="openBrowser()[pri:0, instance:com.redbus.tests.RedbusPartnerwebsitesTest@2118cddf]" name="openBrowser" is-config="true" duration-ms="3612" started-at="2021-07-05T03:28:15Z" finished-at="2021-07-05T03:28:18Z">
          <reporter-output>
          </reporter-output>
        </test-method> <!-- openBrowser -->
        <test-method status="PASS" signature="partnerWebsitesgoibibosite()[pri:0, instance:com.redbus.tests.RedbusPartnerwebsitesTest@2118cddf]" name="partnerWebsitesgoibibosite" duration-ms="19308" started-at="2021-07-05T03:28:18Z" finished-at="2021-07-05T03:28:37Z">
          <reporter-output>
          </reporter-output>
        </test-method> <!-- partnerWebsitesgoibibosite -->
        <test-method status="PASS" signature="attachScreenShot(org.testng.ITestResult)[pri:0, instance:com.redbus.tests.RedbusPartnerwebsitesTest@2118cddf]" name="attachScreenShot" is-config="true" duration-ms="1" started-at="2021-07-05T03:28:37Z" finished-at="2021-07-05T03:28:37Z">
          <params>
            <param index="0">
              <value>
                <![CDATA[[TestResult name=partnerWebsitesgoibibosite status=SUCCESS method=RedbusPartnerwebsitesTest.partnerWebsitesgoibibosite()[pri:0, instance:com.redbus.tests.RedbusPartnerwebsitesTest@2118cddf] output={null}]]]>
              </value>
            </param>
          </params>
          <reporter-output>
          </reporter-output>
        </test-method> <!-- attachScreenShot -->
        <test-method status="PASS" signature="closeBrowser()[pri:0, instance:com.redbus.tests.RedbusPartnerwebsitesTest@2118cddf]" name="closeBrowser" is-config="true" duration-ms="10245" started-at="2021-07-05T03:28:37Z" finished-at="2021-07-05T03:28:48Z">
          <reporter-output>
          </reporter-output>
        </test-method> <!-- closeBrowser -->
        <test-method status="PASS" signature="intializeWebdriver()[pri:0, instance:com.redbus.tests.RedbusPartnerwebsitesTest@2118cddf]" name="intializeWebdriver" is-config="true" duration-ms="13773" started-at="2021-07-05T03:28:48Z" finished-at="2021-07-05T03:29:02Z">
          <reporter-output>
          </reporter-output>
        </test-method> <!-- intializeWebdriver -->
        <test-method status="PASS" signature="openBrowser()[pri:0, instance:com.redbus.tests.RedbusPartnerwebsitesTest@2118cddf]" name="openBrowser" is-config="true" duration-ms="7338" started-at="2021-07-05T03:29:02Z" finished-at="2021-07-05T03:29:09Z">
          <reporter-output>
          </reporter-output>
        </test-method> <!-- openBrowser -->
        <test-method status="PASS" signature="partnerWebsitesmakemytrip()[pri:0, instance:com.redbus.tests.RedbusPartnerwebsitesTest@2118cddf]" name="partnerWebsitesmakemytrip" duration-ms="10967" started-at="2021-07-05T03:29:09Z" finished-at="2021-07-05T03:29:20Z">
          <reporter-output>
          </reporter-output>
        </test-method> <!-- partnerWebsitesmakemytrip -->
        <test-method status="PASS" signature="attachScreenShot(org.testng.ITestResult)[pri:0, instance:com.redbus.tests.RedbusPartnerwebsitesTest@2118cddf]" name="attachScreenShot" is-config="true" duration-ms="0" started-at="2021-07-05T03:29:20Z" finished-at="2021-07-05T03:29:20Z">
          <params>
            <param index="0">
              <value>
                <![CDATA[[TestResult name=partnerWebsitesmakemytrip status=SUCCESS method=RedbusPartnerwebsitesTest.partnerWebsitesmakemytrip()[pri:0, instance:com.redbus.tests.RedbusPartnerwebsitesTest@2118cddf] output={null}]]]>
              </value>
            </param>
          </params>
          <reporter-output>
          </reporter-output>
        </test-method> <!-- attachScreenShot -->
        <test-method status="PASS" signature="closeBrowser()[pri:0, instance:com.redbus.tests.RedbusPartnerwebsitesTest@2118cddf]" name="closeBrowser" is-config="true" duration-ms="15100" started-at="2021-07-05T03:29:20Z" finished-at="2021-07-05T03:29:35Z">
          <reporter-output>
          </reporter-output>
        </test-method> <!-- closeBrowser -->
      </class> <!-- com.redbus.tests.RedbusPartnerwebsitesTest -->
      <class name="com.redbus.tests.OutstaionBusHiringTest">
        <test-method status="PASS" signature="intializeWebdriver()[pri:0, instance:com.redbus.tests.OutstaionBusHiringTest@21b2e768]" name="intializeWebdriver" is-config="true" duration-ms="6526" started-at="2021-07-05T03:25:46Z" finished-at="2021-07-05T03:25:53Z">
          <reporter-output>
          </reporter-output>
        </test-method> <!-- intializeWebdriver -->
        <test-method status="PASS" signature="openBrowser()[pri:0, instance:com.redbus.tests.OutstaionBusHiringTest@21b2e768]" name="openBrowser" is-config="true" duration-ms="3519" started-at="2021-07-05T03:25:53Z" finished-at="2021-07-05T03:25:56Z">
          <reporter-output>
          </reporter-output>
        </test-method> <!-- openBrowser -->
        <test-method status="PASS" signature="BusHiringOutstation()[pri:0, instance:com.redbus.tests.OutstaionBusHiringTest@21b2e768]" name="BusHiringOutstation" duration-ms="69967" started-at="2021-07-05T03:25:56Z" finished-at="2021-07-05T03:27:06Z">
          <reporter-output>
          </reporter-output>
        </test-method> <!-- BusHiringOutstation -->
        <test-method status="PASS" signature="attachScreenShot(org.testng.ITestResult)[pri:0, instance:com.redbus.tests.OutstaionBusHiringTest@21b2e768]" name="attachScreenShot" is-config="true" duration-ms="1" started-at="2021-07-05T03:27:06Z" finished-at="2021-07-05T03:27:06Z">
          <params>
            <param index="0">
              <value>
                <![CDATA[[TestResult name=BusHiringOutstation status=SUCCESS method=OutstaionBusHiringTest.BusHiringOutstation()[pri:0, instance:com.redbus.tests.OutstaionBusHiringTest@21b2e768] output={null}]]]>
              </value>
            </param>
          </params>
          <reporter-output>
          </reporter-output>
        </test-method> <!-- attachScreenShot -->
        <test-method status="PASS" signature="closeBrowser()[pri:0, instance:com.redbus.tests.OutstaionBusHiringTest@21b2e768]" name="closeBrowser" is-config="true" duration-ms="7817" started-at="2021-07-05T03:27:06Z" finished-at="2021-07-05T03:27:14Z">
          <reporter-output>
          </reporter-output>
        </test-method> <!-- closeBrowser -->
      </class> <!-- com.redbus.tests.OutstaionBusHiringTest -->
      <class name="com.redbus.tests.ModifySearchBusLocationTest">
        <test-method status="PASS" signature="intializeWebdriver()[pri:0, instance:com.redbus.tests.ModifySearchBusLocationTest@6a03bcb1]" name="intializeWebdriver" is-config="true" duration-ms="6536" started-at="2021-07-05T03:25:17Z" finished-at="2021-07-05T03:25:23Z">
          <reporter-output>
          </reporter-output>
        </test-method> <!-- intializeWebdriver -->
        <test-method status="PASS" signature="openBrowser()[pri:0, instance:com.redbus.tests.ModifySearchBusLocationTest@6a03bcb1]" name="openBrowser" is-config="true" duration-ms="1814" started-at="2021-07-05T03:25:23Z" finished-at="2021-07-05T03:25:25Z">
          <reporter-output>
          </reporter-output>
        </test-method> <!-- openBrowser -->
        <test-method status="PASS" signature="modifySearchLocation()[pri:0, instance:com.redbus.tests.ModifySearchBusLocationTest@6a03bcb1]" name="modifySearchLocation" duration-ms="13813" started-at="2021-07-05T03:25:25Z" finished-at="2021-07-05T03:25:39Z">
          <reporter-output>
          </reporter-output>
        </test-method> <!-- modifySearchLocation -->
        <test-method status="PASS" signature="attachScreenShot(org.testng.ITestResult)[pri:0, instance:com.redbus.tests.ModifySearchBusLocationTest@6a03bcb1]" name="attachScreenShot" is-config="true" duration-ms="1" started-at="2021-07-05T03:25:39Z" finished-at="2021-07-05T03:25:39Z">
          <params>
            <param index="0">
              <value>
                <![CDATA[[TestResult name=modifySearchLocation status=SUCCESS method=ModifySearchBusLocationTest.modifySearchLocation()[pri:0, instance:com.redbus.tests.ModifySearchBusLocationTest@6a03bcb1] output={null}]]]>
              </value>
            </param>
          </params>
          <reporter-output>
          </reporter-output>
        </test-method> <!-- attachScreenShot -->
        <test-method status="PASS" signature="closeBrowser()[pri:0, instance:com.redbus.tests.ModifySearchBusLocationTest@6a03bcb1]" name="closeBrowser" is-config="true" duration-ms="7451" started-at="2021-07-05T03:25:39Z" finished-at="2021-07-05T03:25:46Z">
          <reporter-output>
          </reporter-output>
        </test-method> <!-- closeBrowser -->
      </class> <!-- com.redbus.tests.ModifySearchBusLocationTest -->
      <class name="com.redbus.tests.SearchBusTest">
        <test-method status="PASS" signature="intializeWebdriver()[pri:0, instance:com.redbus.tests.SearchBusTest@610f7aa]" name="intializeWebdriver" is-config="true" duration-ms="5019" started-at="2021-07-05T03:24:33Z" finished-at="2021-07-05T03:24:38Z">
          <reporter-output>
          </reporter-output>
        </test-method> <!-- intializeWebdriver -->
        <test-method status="PASS" signature="openBrowser()[pri:0, instance:com.redbus.tests.SearchBusTest@610f7aa]" name="openBrowser" is-config="true" duration-ms="1829" started-at="2021-07-05T03:24:38Z" finished-at="2021-07-05T03:24:40Z">
          <reporter-output>
          </reporter-output>
        </test-method> <!-- openBrowser -->
        <test-method status="PASS" signature="invalidDestinationSearchBus()[pri:0, instance:com.redbus.tests.SearchBusTest@610f7aa]" name="invalidDestinationSearchBus" duration-ms="7330" started-at="2021-07-05T03:24:40Z" finished-at="2021-07-05T03:24:47Z">
          <reporter-output>
          </reporter-output>
        </test-method> <!-- invalidDestinationSearchBus -->
        <test-method status="PASS" signature="attachScreenShot(org.testng.ITestResult)[pri:0, instance:com.redbus.tests.SearchBusTest@610f7aa]" name="attachScreenShot" is-config="true" duration-ms="1" started-at="2021-07-05T03:24:47Z" finished-at="2021-07-05T03:24:47Z">
          <params>
            <param index="0">
              <value>
                <![CDATA[[TestResult name=invalidDestinationSearchBus status=SUCCESS method=SearchBusTest.invalidDestinationSearchBus()[pri:0, instance:com.redbus.tests.SearchBusTest@610f7aa] output={null}]]]>
              </value>
            </param>
          </params>
          <reporter-output>
          </reporter-output>
        </test-method> <!-- attachScreenShot -->
        <test-method status="PASS" signature="closeBrowser()[pri:0, instance:com.redbus.tests.SearchBusTest@610f7aa]" name="closeBrowser" is-config="true" duration-ms="7433" started-at="2021-07-05T03:24:47Z" finished-at="2021-07-05T03:24:55Z">
          <reporter-output>
          </reporter-output>
        </test-method> <!-- closeBrowser -->
        <test-method status="PASS" signature="intializeWebdriver()[pri:0, instance:com.redbus.tests.SearchBusTest@610f7aa]" name="intializeWebdriver" is-config="true" duration-ms="5563" started-at="2021-07-05T03:24:55Z" finished-at="2021-07-05T03:25:00Z">
          <reporter-output>
          </reporter-output>
        </test-method> <!-- intializeWebdriver -->
        <test-method status="PASS" signature="openBrowser()[pri:0, instance:com.redbus.tests.SearchBusTest@610f7aa]" name="openBrowser" is-config="true" duration-ms="1671" started-at="2021-07-05T03:25:00Z" finished-at="2021-07-05T03:25:02Z">
          <reporter-output>
          </reporter-output>
        </test-method> <!-- openBrowser -->
        <test-method status="PASS" signature="invalidSourceSearchBus()[pri:0, instance:com.redbus.tests.SearchBusTest@610f7aa]" name="invalidSourceSearchBus" duration-ms="7724" started-at="2021-07-05T03:25:02Z" finished-at="2021-07-05T03:25:10Z">
          <reporter-output>
          </reporter-output>
        </test-method> <!-- invalidSourceSearchBus -->
        <test-method status="PASS" signature="attachScreenShot(org.testng.ITestResult)[pri:0, instance:com.redbus.tests.SearchBusTest@610f7aa]" name="attachScreenShot" is-config="true" duration-ms="1" started-at="2021-07-05T03:25:10Z" finished-at="2021-07-05T03:25:10Z">
          <params>
            <param index="0">
              <value>
                <![CDATA[[TestResult name=invalidSourceSearchBus status=SUCCESS method=SearchBusTest.invalidSourceSearchBus()[pri:0, instance:com.redbus.tests.SearchBusTest@610f7aa] output={null}]]]>
              </value>
            </param>
          </params>
          <reporter-output>
          </reporter-output>
        </test-method> <!-- attachScreenShot -->
        <test-method status="PASS" signature="closeBrowser()[pri:0, instance:com.redbus.tests.SearchBusTest@610f7aa]" name="closeBrowser" is-config="true" duration-ms="7045" started-at="2021-07-05T03:25:10Z" finished-at="2021-07-05T03:25:17Z">
          <reporter-output>
          </reporter-output>
        </test-method> <!-- closeBrowser -->
        <test-method status="PASS" signature="intializeWebdriver()[pri:0, instance:com.redbus.tests.SearchBusTest@610f7aa]" name="intializeWebdriver" is-config="true" duration-ms="5552" started-at="2021-07-05T03:34:13Z" finished-at="2021-07-05T03:34:18Z">
          <reporter-output>
          </reporter-output>
        </test-method> <!-- intializeWebdriver -->
        <test-method status="PASS" signature="openBrowser()[pri:0, instance:com.redbus.tests.SearchBusTest@610f7aa]" name="openBrowser" is-config="true" duration-ms="1685" started-at="2021-07-05T03:34:18Z" finished-at="2021-07-05T03:34:20Z">
          <reporter-output>
          </reporter-output>
        </test-method> <!-- openBrowser -->
        <test-method status="PASS" signature="ValidsearchBus()[pri:1, instance:com.redbus.tests.SearchBusTest@610f7aa]" name="ValidsearchBus" duration-ms="12371" started-at="2021-07-05T03:34:20Z" finished-at="2021-07-05T03:34:32Z">
          <reporter-output>
          </reporter-output>
        </test-method> <!-- ValidsearchBus -->
        <test-method status="PASS" signature="attachScreenShot(org.testng.ITestResult)[pri:0, instance:com.redbus.tests.SearchBusTest@610f7aa]" name="attachScreenShot" is-config="true" duration-ms="1" started-at="2021-07-05T03:34:32Z" finished-at="2021-07-05T03:34:32Z">
          <params>
            <param index="0">
              <value>
                <![CDATA[[TestResult name=ValidsearchBus status=SUCCESS method=SearchBusTest.ValidsearchBus()[pri:1, instance:com.redbus.tests.SearchBusTest@610f7aa] output={null}]]]>
              </value>
            </param>
          </params>
          <reporter-output>
          </reporter-output>
        </test-method> <!-- attachScreenShot -->
        <test-method status="PASS" signature="closeBrowser()[pri:0, instance:com.redbus.tests.SearchBusTest@610f7aa]" name="closeBrowser" is-config="true" duration-ms="7927" started-at="2021-07-05T03:34:32Z" finished-at="2021-07-05T03:34:40Z">
          <reporter-output>
          </reporter-output>
        </test-method> <!-- closeBrowser -->
      </class> <!-- com.redbus.tests.SearchBusTest -->
      <class name="com.redbus.tests.ContactUsTest">
        <test-method status="PASS" signature="intializeWebdriver()[pri:0, instance:com.redbus.tests.ContactUsTest@6ff29830]" name="intializeWebdriver" is-config="true" duration-ms="5043" started-at="2021-07-05T03:33:41Z" finished-at="2021-07-05T03:33:46Z">
          <reporter-output>
          </reporter-output>
        </test-method> <!-- intializeWebdriver -->
        <test-method status="PASS" signature="openBrowser()[pri:0, instance:com.redbus.tests.ContactUsTest@6ff29830]" name="openBrowser" is-config="true" duration-ms="2428" started-at="2021-07-05T03:33:46Z" finished-at="2021-07-05T03:33:48Z">
          <reporter-output>
          </reporter-output>
        </test-method> <!-- openBrowser -->
        <test-method status="PASS" signature="ContactRedBus()[pri:1, instance:com.redbus.tests.ContactUsTest@6ff29830]" name="ContactRedBus" duration-ms="16789" started-at="2021-07-05T03:33:48Z" finished-at="2021-07-05T03:34:05Z">
          <reporter-output>
          </reporter-output>
        </test-method> <!-- ContactRedBus -->
        <test-method status="PASS" signature="attachScreenShot(org.testng.ITestResult)[pri:0, instance:com.redbus.tests.ContactUsTest@6ff29830]" name="attachScreenShot" is-config="true" duration-ms="1" started-at="2021-07-05T03:34:05Z" finished-at="2021-07-05T03:34:05Z">
          <params>
            <param index="0">
              <value>
                <![CDATA[[TestResult name=ContactRedBus status=SUCCESS method=ContactUsTest.ContactRedBus()[pri:1, instance:com.redbus.tests.ContactUsTest@6ff29830] output={null}]]]>
              </value>
            </param>
          </params>
          <reporter-output>
          </reporter-output>
        </test-method> <!-- attachScreenShot -->
        <test-method status="PASS" signature="closeBrowser()[pri:0, instance:com.redbus.tests.ContactUsTest@6ff29830]" name="closeBrowser" is-config="true" duration-ms="7712" started-at="2021-07-05T03:34:05Z" finished-at="2021-07-05T03:34:13Z">
          <reporter-output>
          </reporter-output>
        </test-method> <!-- closeBrowser -->
      </class> <!-- com.redbus.tests.ContactUsTest -->
      <class name="com.redbus.tests.ManageBookingShowMyTicketTest">
        <test-method status="PASS" signature="intializeWebdriver()[pri:0, instance:com.redbus.tests.ManageBookingShowMyTicketTest@57250572]" name="intializeWebdriver" is-config="true" duration-ms="6012" started-at="2021-07-05T03:27:14Z" finished-at="2021-07-05T03:27:20Z">
          <reporter-output>
          </reporter-output>
        </test-method> <!-- intializeWebdriver -->
        <test-method status="PASS" signature="openBrowser()[pri:0, instance:com.redbus.tests.ManageBookingShowMyTicketTest@57250572]" name="openBrowser" is-config="true" duration-ms="2147" started-at="2021-07-05T03:27:20Z" finished-at="2021-07-05T03:27:22Z">
          <reporter-output>
          </reporter-output>
        </test-method> <!-- openBrowser -->
        <test-method status="PASS" signature="ShowTicket()[pri:0, instance:com.redbus.tests.ManageBookingShowMyTicketTest@57250572]" name="ShowTicket" duration-ms="6451" started-at="2021-07-05T03:27:22Z" finished-at="2021-07-05T03:27:29Z">
          <reporter-output>
          </reporter-output>
        </test-method> <!-- ShowTicket -->
        <test-method status="PASS" signature="attachScreenShot(org.testng.ITestResult)[pri:0, instance:com.redbus.tests.ManageBookingShowMyTicketTest@57250572]" name="attachScreenShot" is-config="true" duration-ms="1" started-at="2021-07-05T03:27:29Z" finished-at="2021-07-05T03:27:29Z">
          <params>
            <param index="0">
              <value>
                <![CDATA[[TestResult name=ShowTicket status=SUCCESS method=ManageBookingShowMyTicketTest.ShowTicket()[pri:0, instance:com.redbus.tests.ManageBookingShowMyTicketTest@57250572] output={null}]]]>
              </value>
            </param>
          </params>
          <reporter-output>
          </reporter-output>
        </test-method> <!-- attachScreenShot -->
        <test-method status="PASS" signature="closeBrowser()[pri:0, instance:com.redbus.tests.ManageBookingShowMyTicketTest@57250572]" name="closeBrowser" is-config="true" duration-ms="7424" started-at="2021-07-05T03:27:29Z" finished-at="2021-07-05T03:27:36Z">
          <reporter-output>
          </reporter-output>
        </test-method> <!-- closeBrowser -->
      </class> <!-- com.redbus.tests.ManageBookingShowMyTicketTest -->
      <class name="com.redbus.tests.rPoolSectionTest">
        <test-method status="PASS" signature="intializeWebdriver()[pri:0, instance:com.redbus.tests.rPoolSectionTest@5609159b]" name="intializeWebdriver" is-config="true" duration-ms="4853" started-at="2021-07-05T03:27:36Z" finished-at="2021-07-05T03:27:41Z">
          <reporter-output>
          </reporter-output>
        </test-method> <!-- intializeWebdriver -->
        <test-method status="PASS" signature="openBrowser()[pri:0, instance:com.redbus.tests.rPoolSectionTest@5609159b]" name="openBrowser" is-config="true" duration-ms="1912" started-at="2021-07-05T03:27:41Z" finished-at="2021-07-05T03:27:43Z">
          <reporter-output>
          </reporter-output>
        </test-method> <!-- openBrowser -->
        <test-method status="PASS" signature="rPoolfunctionality()[pri:0, instance:com.redbus.tests.rPoolSectionTest@5609159b]" name="rPoolfunctionality" duration-ms="11684" started-at="2021-07-05T03:27:43Z" finished-at="2021-07-05T03:27:55Z">
          <reporter-output>
          </reporter-output>
        </test-method> <!-- rPoolfunctionality -->
        <test-method status="PASS" signature="attachScreenShot(org.testng.ITestResult)[pri:0, instance:com.redbus.tests.rPoolSectionTest@5609159b]" name="attachScreenShot" is-config="true" duration-ms="1" started-at="2021-07-05T03:27:55Z" finished-at="2021-07-05T03:27:55Z">
          <params>
            <param index="0">
              <value>
                <![CDATA[[TestResult name=rPoolfunctionality status=SUCCESS method=rPoolSectionTest.rPoolfunctionality()[pri:0, instance:com.redbus.tests.rPoolSectionTest@5609159b] output={null}]]]>
              </value>
            </param>
          </params>
          <reporter-output>
          </reporter-output>
        </test-method> <!-- attachScreenShot -->
        <test-method status="PASS" signature="closeBrowser()[pri:0, instance:com.redbus.tests.rPoolSectionTest@5609159b]" name="closeBrowser" is-config="true" duration-ms="8972" started-at="2021-07-05T03:27:55Z" finished-at="2021-07-05T03:28:04Z">
          <reporter-output>
          </reporter-output>
        </test-method> <!-- closeBrowser -->
      </class> <!-- com.redbus.tests.rPoolSectionTest -->
      <class name="com.redbus.tests.SigninTest">
        <test-method status="PASS" signature="setExtent()[pri:0, instance:com.redbus.tests.SigninTest@68267da0]" name="setExtent" is-config="true" duration-ms="225" started-at="2021-07-05T03:17:11Z" finished-at="2021-07-05T03:17:11Z">
          <reporter-output>
          </reporter-output>
        </test-method> <!-- setExtent -->
        <test-method status="PASS" signature="intializeWebdriver()[pri:0, instance:com.redbus.tests.SigninTest@68267da0]" name="intializeWebdriver" is-config="true" duration-ms="11823" started-at="2021-07-05T03:17:11Z" finished-at="2021-07-05T03:17:23Z">
          <reporter-output>
          </reporter-output>
        </test-method> <!-- intializeWebdriver -->
        <test-method status="PASS" signature="openBrowser()[pri:0, instance:com.redbus.tests.SigninTest@68267da0]" name="openBrowser" is-config="true" duration-ms="3671" started-at="2021-07-05T03:17:23Z" finished-at="2021-07-05T03:17:27Z">
          <reporter-output>
          </reporter-output>
        </test-method> <!-- openBrowser -->
        <test-method status="PASS" signature="signin()[pri:0, instance:com.redbus.tests.SigninTest@68267da0]" name="signin" duration-ms="6034" started-at="2021-07-05T03:17:27Z" finished-at="2021-07-05T03:17:33Z">
          <reporter-output>
          </reporter-output>
        </test-method> <!-- signin -->
        <test-method status="PASS" signature="attachScreenShot(org.testng.ITestResult)[pri:0, instance:com.redbus.tests.SigninTest@68267da0]" name="attachScreenShot" is-config="true" duration-ms="19" started-at="2021-07-05T03:17:33Z" finished-at="2021-07-05T03:17:33Z">
          <params>
            <param index="0">
              <value>
                <![CDATA[[TestResult name=signin status=SUCCESS method=SigninTest.signin()[pri:0, instance:com.redbus.tests.SigninTest@68267da0] output={null}]]]>
              </value>
            </param>
          </params>
          <reporter-output>
          </reporter-output>
        </test-method> <!-- attachScreenShot -->
        <test-method status="PASS" signature="closeBrowser()[pri:0, instance:com.redbus.tests.SigninTest@68267da0]" name="closeBrowser" is-config="true" duration-ms="8119" started-at="2021-07-05T03:17:33Z" finished-at="2021-07-05T03:17:41Z">
          <reporter-output>
          </reporter-output>
        </test-method> <!-- closeBrowser -->
        <test-method status="PASS" signature="endReport()[pri:0, instance:com.redbus.tests.SigninTest@68267da0]" name="endReport" is-config="true" duration-ms="1203" started-at="2021-07-05T03:34:40Z" finished-at="2021-07-05T03:34:42Z">
          <reporter-output>
          </reporter-output>
        </test-method> <!-- endReport -->
      </class> <!-- com.redbus.tests.SigninTest -->
      <class name="com.redbus.tests.CheckOffersTest">
        <test-method status="PASS" signature="intializeWebdriver()[pri:0, instance:com.redbus.tests.CheckOffersTest@548e6d58]" name="intializeWebdriver" is-config="true" duration-ms="5670" started-at="2021-07-05T03:19:19Z" finished-at="2021-07-05T03:19:24Z">
          <reporter-output>
          </reporter-output>
        </test-method> <!-- intializeWebdriver -->
        <test-method status="PASS" signature="openBrowser()[pri:0, instance:com.redbus.tests.CheckOffersTest@548e6d58]" name="openBrowser" is-config="true" duration-ms="3166" started-at="2021-07-05T03:19:24Z" finished-at="2021-07-05T03:19:28Z">
          <reporter-output>
          </reporter-output>
        </test-method> <!-- openBrowser -->
        <test-method status="FAIL" signature="offers()[pri:0, instance:com.redbus.tests.CheckOffersTest@548e6d58]" name="offers" duration-ms="732" started-at="2021-07-05T03:19:28Z" finished-at="2021-07-05T03:19:28Z">
          <exception class="java.lang.IndexOutOfBoundsException">
            <message>
              <![CDATA[Index: 1, Size: 1]]>
            </message>
            <full-stacktrace>
              <![CDATA[java.lang.IndexOutOfBoundsException: Index: 1, Size: 1
at java.util.ArrayList.rangeCheck(ArrayList.java:657)
at java.util.ArrayList.get(ArrayList.java:433)
at com.redbus.pages.HomeFunctionalityPage.clickOfferButton(HomeFunctionalityPage.java:53)
at com.redbus.tests.CheckOffersTest.offers(CheckOffersTest.java:29)
at sun.reflect.NativeMethodAccessorImpl.invoke0(Native Method)
at sun.reflect.NativeMethodAccessorImpl.invoke(NativeMethodAccessorImpl.java:62)
at sun.reflect.DelegatingMethodAccessorImpl.invoke(DelegatingMethodAccessorImpl.java:43)
at java.lang.reflect.Method.invoke(Method.java:498)
at org.testng.internal.MethodInvocationHelper.invokeMethod(MethodInvocationHelper.java:124)
at org.testng.internal.Invoker.invokeMethod(Invoker.java:583)
at org.testng.internal.Invoker.invokeTestMethod(Invoker.java:719)
at org.testng.internal.Invoker.invokeTestMethods(Invoker.java:989)
at org.testng.internal.TestMethodWorker.invokeTestMethods(TestMethodWorker.java:125)
at org.testng.internal.TestMethodWorker.run(TestMethodWorker.java:109)
at org.testng.TestRunner.privateRun(TestRunner.java:648)
at org.testng.TestRunner.run(TestRunner.java:505)
at org.testng.SuiteRunner.runTest(SuiteRunner.java:455)
at org.testng.SuiteRunner.runSequentially(SuiteRunner.java:450)
at org.testng.SuiteRunner.privateRun(SuiteRunner.java:415)
at org.testng.SuiteRunner.run(SuiteRunner.java:364)
at org.testng.SuiteRunnerWorker.runSuite(SuiteRunnerWorker.java:52)
at org.testng.SuiteRunnerWorker.run(SuiteRunnerWorker.java:84)
at org.testng.TestNG.runSuitesSequentially(TestNG.java:1208)
at org.testng.TestNG.runSuitesLocally(TestNG.java:1137)
at org.testng.TestNG.runSuites(TestNG.java:1049)
at org.testng.TestNG.run(TestNG.java:1017)
at org.testng.remote.AbstractRemoteTestNG.run(AbstractRemoteTestNG.java:115)
at org.testng.remote.RemoteTestNG.initAndRun(RemoteTestNG.java:251)
at org.testng.remote.RemoteTestNG.main(RemoteTestNG.java:77)
]]>
            </full-stacktrace>
          </exception> <!-- java.lang.IndexOutOfBoundsException -->
          <reporter-output>
          </reporter-output>
        </test-method> <!-- offers -->
        <test-method status="PASS" signature="attachScreenShot(org.testng.ITestResult)[pri:0, instance:com.redbus.tests.CheckOffersTest@548e6d58]" name="attachScreenShot" is-config="true" duration-ms="7732" started-at="2021-07-05T03:19:28Z" finished-at="2021-07-05T03:19:36Z">
          <params>
            <param index="0">
              <value>
                <![CDATA[[TestResult name=offers status=FAILURE method=CheckOffersTest.offers()[pri:0, instance:com.redbus.tests.CheckOffersTest@548e6d58] output={null}]]]>
              </value>
            </param>
          </params>
          <reporter-output>
          </reporter-output>
        </test-method> <!-- attachScreenShot -->
        <test-method status="PASS" signature="closeBrowser()[pri:0, instance:com.redbus.tests.CheckOffersTest@548e6d58]" name="closeBrowser" is-config="true" duration-ms="7337" started-at="2021-07-05T03:19:36Z" finished-at="2021-07-05T03:19:43Z">
          <reporter-output>
          </reporter-output>
        </test-method> <!-- closeBrowser -->
      </class> <!-- com.redbus.tests.CheckOffersTest -->
      <class name="com.redbus.tests.MangaingBookingCancelTicketTest">
        <test-method status="PASS" signature="intializeWebdriver()[pri:0, instance:com.redbus.tests.MangaingBookingCancelTicketTest@2638011]" name="intializeWebdriver" is-config="true" duration-ms="6149" started-at="2021-07-05T03:18:08Z" finished-at="2021-07-05T03:18:14Z">
          <reporter-output>
          </reporter-output>
        </test-method> <!-- intializeWebdriver -->
        <test-method status="PASS" signature="openBrowser()[pri:0, instance:com.redbus.tests.MangaingBookingCancelTicketTest@2638011]" name="openBrowser" is-config="true" duration-ms="1822" started-at="2021-07-05T03:18:14Z" finished-at="2021-07-05T03:18:16Z">
          <reporter-output>
          </reporter-output>
        </test-method> <!-- openBrowser -->
        <test-method status="PASS" signature="TicketCancel()[pri:0, instance:com.redbus.tests.MangaingBookingCancelTicketTest@2638011]" name="TicketCancel" duration-ms="6219" started-at="2021-07-05T03:18:16Z" finished-at="2021-07-05T03:18:22Z">
          <reporter-output>
          </reporter-output>
        </test-method> <!-- TicketCancel -->
        <test-method status="PASS" signature="attachScreenShot(org.testng.ITestResult)[pri:0, instance:com.redbus.tests.MangaingBookingCancelTicketTest@2638011]" name="attachScreenShot" is-config="true" duration-ms="1" started-at="2021-07-05T03:18:22Z" finished-at="2021-07-05T03:18:22Z">
          <params>
            <param index="0">
              <value>
                <![CDATA[[TestResult name=TicketCancel status=SUCCESS method=MangaingBookingCancelTicketTest.TicketCancel()[pri:0, instance:com.redbus.tests.MangaingBookingCancelTicketTest@2638011] output={null}]]]>
              </value>
            </param>
          </params>
          <reporter-output>
          </reporter-output>
        </test-method> <!-- attachScreenShot -->
        <test-method status="PASS" signature="closeBrowser()[pri:0, instance:com.redbus.tests.MangaingBookingCancelTicketTest@2638011]" name="closeBrowser" is-config="true" duration-ms="7970" started-at="2021-07-05T03:18:22Z" finished-at="2021-07-05T03:18:30Z">
          <reporter-output>
          </reporter-output>
        </test-method> <!-- closeBrowser -->
      </class> <!-- com.redbus.tests.MangaingBookingCancelTicketTest -->
      <class name="com.redbus.tests.CustomerHelpsectionTest">
        <test-method status="PASS" signature="intializeWebdriver()[pri:0, instance:com.redbus.tests.CustomerHelpsectionTest@623a8092]" name="intializeWebdriver" is-config="true" duration-ms="5528" started-at="2021-07-05T03:19:43Z" finished-at="2021-07-05T03:19:49Z">
          <reporter-output>
          </reporter-output>
        </test-method> <!-- intializeWebdriver -->
        <test-method status="PASS" signature="openBrowser()[pri:0, instance:com.redbus.tests.CustomerHelpsectionTest@623a8092]" name="openBrowser" is-config="true" duration-ms="1922" started-at="2021-07-05T03:19:49Z" finished-at="2021-07-05T03:19:51Z">
          <reporter-output>
          </reporter-output>
        </test-method> <!-- openBrowser -->
        <test-method status="PASS" signature="Help()[pri:0, instance:com.redbus.tests.CustomerHelpsectionTest@623a8092]" name="Help" duration-ms="13480" started-at="2021-07-05T03:19:51Z" finished-at="2021-07-05T03:20:04Z">
          <reporter-output>
          </reporter-output>
        </test-method> <!-- Help -->
        <test-method status="PASS" signature="attachScreenShot(org.testng.ITestResult)[pri:0, instance:com.redbus.tests.CustomerHelpsectionTest@623a8092]" name="attachScreenShot" is-config="true" duration-ms="1" started-at="2021-07-05T03:20:04Z" finished-at="2021-07-05T03:20:04Z">
          <params>
            <param index="0">
              <value>
                <![CDATA[[TestResult name=Help status=SUCCESS method=CustomerHelpsectionTest.Help()[pri:0, instance:com.redbus.tests.CustomerHelpsectionTest@623a8092] output={null}]]]>
              </value>
            </param>
          </params>
          <reporter-output>
          </reporter-output>
        </test-method> <!-- attachScreenShot -->
        <test-method status="PASS" signature="closeBrowser()[pri:0, instance:com.redbus.tests.CustomerHelpsectionTest@623a8092]" name="closeBrowser" is-config="true" duration-ms="7859" started-at="2021-07-05T03:20:04Z" finished-at="2021-07-05T03:20:12Z">
          <reporter-output>
          </reporter-output>
        </test-method> <!-- closeBrowser -->
      </class> <!-- com.redbus.tests.CustomerHelpsectionTest -->
      <class name="com.redbus.tests.BusAllOperatorsTest">
        <test-method status="PASS" signature="intializeWebdriver()[pri:0, instance:com.redbus.tests.BusAllOperatorsTest@a1cdc6d]" name="intializeWebdriver" is-config="true" duration-ms="5543" started-at="2021-07-05T03:20:12Z" finished-at="2021-07-05T03:20:18Z">
          <reporter-output>
          </reporter-output>
        </test-method> <!-- intializeWebdriver -->
        <test-method status="PASS" signature="openBrowser()[pri:0, instance:com.redbus.tests.BusAllOperatorsTest@a1cdc6d]" name="openBrowser" is-config="true" duration-ms="1761" started-at="2021-07-05T03:20:18Z" finished-at="2021-07-05T03:20:19Z">
          <reporter-output>
          </reporter-output>
        </test-method> <!-- openBrowser -->
        <test-method status="FAIL" signature="all_bus_operators()[pri:0, instance:com.redbus.tests.BusAllOperatorsTest@a1cdc6d]" name="all_bus_operators" duration-ms="211" started-at="2021-07-05T03:20:19Z" finished-at="2021-07-05T03:20:20Z">
          <exception class="java.lang.IndexOutOfBoundsException">
            <message>
              <![CDATA[Index: 1, Size: 1]]>
            </message>
            <full-stacktrace>
              <![CDATA[java.lang.IndexOutOfBoundsException: Index: 1, Size: 1
at java.util.ArrayList.rangeCheck(ArrayList.java:657)
at java.util.ArrayList.get(ArrayList.java:433)
at com.redbus.pages.HomeFunctionalityPage.all_operators(HomeFunctionalityPage.java:117)
at com.redbus.tests.BusAllOperatorsTest.all_bus_operators(BusAllOperatorsTest.java:30)
at sun.reflect.NativeMethodAccessorImpl.invoke0(Native Method)
at sun.reflect.NativeMethodAccessorImpl.invoke(NativeMethodAccessorImpl.java:62)
at sun.reflect.DelegatingMethodAccessorImpl.invoke(DelegatingMethodAccessorImpl.java:43)
at java.lang.reflect.Method.invoke(Method.java:498)
at org.testng.internal.MethodInvocationHelper.invokeMethod(MethodInvocationHelper.java:124)
at org.testng.internal.Invoker.invokeMethod(Invoker.java:583)
at org.testng.internal.Invoker.invokeTestMethod(Invoker.java:719)
at org.testng.internal.Invoker.invokeTestMethods(Invoker.java:989)
at org.testng.internal.TestMethodWorker.invokeTestMethods(TestMethodWorker.java:125)
at org.testng.internal.TestMethodWorker.run(TestMethodWorker.java:109)
at org.testng.TestRunner.privateRun(TestRunner.java:648)
at org.testng.TestRunner.run(TestRunner.java:505)
at org.testng.SuiteRunner.runTest(SuiteRunner.java:455)
at org.testng.SuiteRunner.runSequentially(SuiteRunner.java:450)
at org.testng.SuiteRunner.privateRun(SuiteRunner.java:415)
at org.testng.SuiteRunner.run(SuiteRunner.java:364)
at org.testng.SuiteRunnerWorker.runSuite(SuiteRunnerWorker.java:52)
at org.testng.SuiteRunnerWorker.run(SuiteRunnerWorker.java:84)
at org.testng.TestNG.runSuitesSequentially(TestNG.java:1208)
at org.testng.TestNG.runSuitesLocally(TestNG.java:1137)
at org.testng.TestNG.runSuites(TestNG.java:1049)
at org.testng.TestNG.run(TestNG.java:1017)
at org.testng.remote.AbstractRemoteTestNG.run(AbstractRemoteTestNG.java:115)
at org.testng.remote.RemoteTestNG.initAndRun(RemoteTestNG.java:251)
at org.testng.remote.RemoteTestNG.main(RemoteTestNG.java:77)
]]>
            </full-stacktrace>
          </exception> <!-- java.lang.IndexOutOfBoundsException -->
          <reporter-output>
          </reporter-output>
        </test-method> <!-- all_bus_operators -->
        <test-method status="PASS" signature="attachScreenShot(org.testng.ITestResult)[pri:0, instance:com.redbus.tests.BusAllOperatorsTest@a1cdc6d]" name="attachScreenShot" is-config="true" duration-ms="5778" started-at="2021-07-05T03:20:20Z" finished-at="2021-07-05T03:20:25Z">
          <params>
            <param index="0">
              <value>
                <![CDATA[[TestResult name=all_bus_operators status=FAILURE method=BusAllOperatorsTest.all_bus_operators()[pri:0, instance:com.redbus.tests.BusAllOperatorsTest@a1cdc6d] output={null}]]]>
              </value>
            </param>
          </params>
          <reporter-output>
          </reporter-output>
        </test-method> <!-- attachScreenShot -->
        <test-method status="PASS" signature="closeBrowser()[pri:0, instance:com.redbus.tests.BusAllOperatorsTest@a1cdc6d]" name="closeBrowser" is-config="true" duration-ms="7707" started-at="2021-07-05T03:20:25Z" finished-at="2021-07-05T03:20:33Z">
          <reporter-output>
          </reporter-output>
        </test-method> <!-- closeBrowser -->
      </class> <!-- com.redbus.tests.BusAllOperatorsTest -->
    </test> <!-- Test -->
  </suite> <!-- Suite -->
</testng-results>
